Nn=944
cell=A549
1=ntr 10=ifn
C13]-Glucose","1,
C13]-Glutamine","
324 strok
titles - data: 17 - 17
Tracer=[3-C13]-Glutamine; Isotopomer=4; Carbons=5; Labels=1; Fraction=1
labmet=[3-C13]-Glutamine
tex=0 1.44e+03 
28.2 71.6 0.256 -1.31 1.22 Aspartate_mean time=1.44e+03
0.297 0.382 0.0474 0.0161 0.0852 Aspartate_sd

53.9 43.9 2.16 -1.27 1.35 0.0938 -0.0851 Citrate_mean time=1.44e+03
1.64 1.43 0.194 0.102 0.0713 0.0236 0.00685 Citrate_sd

32.4 63.6 2.98 0.79 Glutamate2-4_mean time=1.44e+03
0.465 0.432 0.0281 0.448 Glutamate2-4_sd

24.3 74.6 0.479 0.782 -0.124 Glutamate2-5_mean time=1.44e+03
0.522 0.5 0.177 0.0107 0.00172 Glutamate2-5_sd

30.2 70.3 -0.223 -1.55 1.24 Malate_mean time=1.44e+03
0.144 0.323 0.155 0.0636 0.0573 Malate_sd

 13C%: [3-C13]-Glutamine, fraction: 1
Glutamin m0=0 t=0
tracer=Glutamin
Asp m0=0.282 t=1.44e+03
Cit m0=0.539 t=1.44e+03
Glutamate2-4 no metabolite match?!?!?!
Glutamate2-5 m0=0.243 t=1.44e+03
Mal m0=0.302 t=1.44e+03
ngl:8.64; nlac:0.807; nglu:0.101; ngln:2.92; nrna:0.25; nglycog:3; npro:0.0001; nasp:0.1; nala:0.4; nser:0.4; nagl:1; npyrm:0.00882; ncoa:0.00531; ncoac:0.007; ngly:0.4; noa:0.0288; noac:0.000441; ncit:0.959; nakg:0.0274; nfum:0.116; nmal:0.289; nfbp:0.0875; nt3:0.0759; npep:0.00596; npyr:0.0166; ncthf:0.5; ncitc:0.0223; nakgc:0.0116; ne4:0.0111; nh6:0.0136; ns7:0.0569; np5:0.000533; atp:0.357; nad:0.663; 
Warning: empty y range [0.0001:0.0001], adjusting to [9.9e-05:0.000101]
Warning: empty y range [0.4:0.4], adjusting to [0.396:0.404]
Warning: empty y range [0.4:0.4], adjusting to [0.396:0.404]
Warning: empty y range [2.915:2.915], adjusting to [2.88585:2.94415]
Warning: empty y range [0.1:0.1], adjusting to [0.099:0.101]
Warning: empty y range [3:3], adjusting to [2.97:3.03]
ngl:8.64; nlac:0.807; nglu:0.101; ngln:2.92; nrna:0.25; nglycog:3; npro:0.0001; nasp:0.1; nala:0.4; nser:0.4; nagl:1; npyrm:0.0233; ncoa:0.0621; ncoac:0.007; ngly:0.4; noa:0.174; noac:0.00712; ncit:0.7; nakg:0.2; nfum:0.419; nmal:0.2; nfbp:1.42; nt3:0.207; npep:0.0331; npyr:0.13; ncthf:0.5; ncitc:0.0566; nakgc:0.0119; ne4:0.0271; nh6:0.101; ns7:0.042; np5:0.000722; atp:0.52; nad:0.889; 
 Σxi²=411
        **Metab   *   init    Final :    exper -> xi²

         Asp_m0:         1    0.361 :   0.282 -> 63.3
         Cit_m0:         1    0.295 :   0.539 -> 221
Glutamate2-5_m0:         1    0.215 :   0.243 -> 7.86
         Mal_m0:         1    0.342 :   0.302 -> 16.4

        Gluc_c:      8.64     5.14**    5.28 -> 0.0711
    Glutamin_c:      2.92     2.68**    2.17 -> 5.64
         Lac_c:     0.807     7.84**    7.85 -> 0.000236
Glutamate2-5_c:     0.101   0.0312**     0.5 -> 87.9
      Glycog_c:         3     2.32**     2.3 -> 0.00534
         Rib_c:      0.25     0.59**    0.67 -> 1.42
         Mal_c:       0.2     0.18**     0.2 -> 0.998
         Cit_c:       0.7    0.749**   0.598 -> 6.36
         Asp_c:       0.1    0.143**   0.148 -> 0.116
File saved: 250002: xi=411; xm=1.98; time=4.75
99
0 1 2 3 4 5 6 7 8 9 10 11 12 13 14 15 16 17 18 19 20 21 22 23 24 25 26 27 28 29 30 31 32 33 34 35 36 37 38 39 40 41 42 43 44 45 46 47 48 49 50 51 52 54 55 56 57 58 59 60 61 62 63 64 65 66 67 68 69 
; v[akgdcm]: 0.00148
N(pars)=69
21
21)21)N(pars)=68
67
69)69)N(pars)=67
50
51)51)N(pars)=66
39
40)40)N(pars)=65
26
27)27)N(pars)=64
16
16)16)N(pars)=63
42
46)46)N(pars)=62
27
30)30)N(pars)=61
41
47)47)N(pars)=60
0
0)0)N(pars)=59
18
Nn=944
cell=A549
1=ntr 10=ifn
C13]-Glucose","1,
C13]-Glutamine","
324 strok
titles - data: 17 - 17
Tracer=[3-C13]-Glutamine; Isotopomer=4; Carbons=5; Labels=1; Fraction=1
labmet=[3-C13]-Glutamine
tex=0 1.44e+03 
28.2 71.6 0.256 -1.31 1.22 Aspartate_mean time=1.44e+03
0.297 0.382 0.0474 0.0161 0.0852 Aspartate_sd

53.9 43.9 2.16 -1.27 1.35 0.0938 -0.0851 Citrate_mean time=1.44e+03
1.64 1.43 0.194 0.102 0.0713 0.0236 0.00685 Citrate_sd

32.4 63.6 2.98 0.79 Glutamate2-4_mean time=1.44e+03
0.465 0.432 0.0281 0.448 Glutamate2-4_sd

24.3 74.6 0.479 0.782 -0.124 Glutamate2-5_mean time=1.44e+03
0.522 0.5 0.177 0.0107 0.00172 Glutamate2-5_sd

30.2 70.3 -0.223 -1.55 1.24 Malate_mean time=1.44e+03
0.144 0.323 0.155 0.0636 0.0573 Malate_sd

 13C%: [3-C13]-Glutamine, fraction: 1
Glutamin m0=0 t=0
tracer=Glutamin
Asp m0=0.282 t=1.44e+03
Cit m0=0.539 t=1.44e+03
Glutamate2-4 no metabolite match?!?!?!
Glutamate2-5 m0=0.243 t=1.44e+03
Mal m0=0.302 t=1.44e+03
ngl:8.64; nlac:0.807; nglu:0.101; ngln:2.92; nrna:0.25; nglycog:3; npro:0.0001; nasp:0.1; nala:0.4; nser:0.4; nagl:1; npyrm:0.00623; ncoa:0.0844; ncoac:0.007; ngly:0.4; noa:0.0017; noac:0.000362; ncit:0.335; nakg:0.0155; nfum:0.132; nmal:0.0956; nfbp:0.0539; nt3:0.0612; npep:0.00505; npyr:0.0562; ncthf:0.5; ncitc:0.0192; nakgc:0.00692; ne4:0.0106; nh6:0.0102; ns7:0.0575; np5:0.00025; atp:0.354; nad:0.94; 
Warning: empty y range [0.0001:0.0001], adjusting to [9.9e-05:0.000101]
Warning: empty y range [0.4:0.4], adjusting to [0.396:0.404]
Warning: empty y range [0.4:0.4], adjusting to [0.396:0.404]
Warning: empty y range [2.915:2.915], adjusting to [2.88585:2.94415]
Warning: empty y range [0.1:0.1], adjusting to [0.099:0.101]
Warning: empty y range [3:3], adjusting to [2.97:3.03]
ngl:8.64; nlac:0.807; nglu:0.101; ngln:2.92; nrna:0.25; nglycog:3; npro:0.0001; nasp:0.1; nala:0.4; nser:0.4; nagl:1; npyrm:0.0233; ncoa:0.0621; ncoac:0.007; ngly:0.4; noa:0.174; noac:0.00712; ncit:0.7; nakg:0.2; nfum:0.419; nmal:0.2; nfbp:1.42; nt3:0.207; npep:0.0331; npyr:0.13; ncthf:0.5; ncitc:0.0566; nakgc:0.0119; ne4:0.0271; nh6:0.101; ns7:0.042; np5:0.000722; atp:0.52; nad:0.889; 
 Σxi²=644
        **Metab   *   init    Final :    exper -> xi²

         Asp_m0:         1    0.266 :   0.282 -> 2.5
         Cit_m0:         1    0.208 :   0.539 -> 409
Glutamate2-5_m0:         1    0.128 :   0.243 -> 133
         Mal_m0:         1    0.247 :   0.302 -> 30.3

        Gluc_c:      8.64     5.14**    5.28 -> 0.0711
    Glutamin_c:      2.92     2.57**    2.17 -> 3.4
         Lac_c:     0.807     8.33**    7.85 -> 0.378
Glutamate2-5_c:     0.101   0.0969**     0.5 -> 65
File saved: 250002: xi=644; xm=5.21; time=3.92
99
0 1 2 3 4 5 6 7 8 9 10 11 12 13 14 15 16 17 18 19 20 21 22 23 24 25 26 27 28 29 30 31 32 33 34 35 36 37 38 39 40 41 42 43 44 45 46 47 48 49 50 51 52 54 55 56 57 58 59 60 61 62 63 64 65 66 67 68 69 
; v[lacpyr]: 7.58e-05
N(pars)=69
63
64)64)N(pars)=68
36
36)File saved: 10: xi=623; xm=5.19; time=3.92
36)File saved: 11: xi=603; xm=5.17; time=3.87
36)File saved: 12: xi=582; xm=5.16; time=3.76
36)File saved: 13: xi=559; xm=5.15; time=3.74
36)File saved: 14: xi=536; xm=5.14; time=3.64
36)File saved: 15: xi=512; xm=5.14; time=3.56
36)File saved: 16: xi=488; xm=5.13; time=3.44
36)File saved: 17: xi=465; xm=5.13; time=3.33
36)36)N(pars)=67
52
54)54)N(pars)=66
60
63)63)N(pars)=65
24
24)24)N(pars)=64
17
17)17)N(pars)=63
45
48)48)N(pars)=62
33
35)35)N(pars)=61
28
30)30)N(pars)=60
49
57)57)N(pars)=59
32
37)37)File saved: 18: xi=451; xm=5.13; time=3.23
37)N(pars)=58
18
19)19)N(pars)=57
49
60)60)N(pars)=56
10
10)10)N(pars)=55
50
65)65)N(pars)=54
43
52)52)N(pars)=53
7
7)7)N(pars)=52
19
23)23)N(pars)=51
9
11)11)N(pars)=50
9
12)12)N(pars)=49
25
34)34)N(pars)=48
20
28)28)N(pars)=47
11
15)File saved: 19: xi=444; xm=5.13; time=3.25
15)15)N(pars)=46
31
46)File saved: 20: xi=437; xm=5.13; time=3.22
46)46)N(pars)=45
20
31)File saved: 21: xi=437; xm=5.13; time=3.2
31)31)N(pars)=44
42
68)68)N(pars)=43
30
47)47)N(pars)=42
41
69)69)N(pars)=41
17
26)26)N(pars)=40
9
13)File saved: 22: xi=437; xm=5.12; time=3.18
13)File saved: 23: xi=437; xm=5.12; time=3.17
13)File saved: 24: xi=437; xm=5.12; time=3.06
13)File saved: 25: xi=437; xm=5.11; time=2.95
13)File saved: 26: xi=437; xm=5.11; time=2.69
13)File saved: 27: xi=437; xm=5.11; time=2.68
13)13)N(pars)=39
3
3)3)N(pars)=38
6
8)8)N(pars)=37
23
43)43)N(pars)=36
25
49)49)N(pars)=35
3
4)4)N(pars)=34
22
44)44)N(pars)=33
16
33)33)N(pars)=32
19
41)41)N(pars)=31
23
55)55)File saved: 28: xi=437; xm=5.11; time=2.67
55)N(pars)=30
2
2)2)N(pars)=29
2
5)5)N(pars)=28
24
61)61)N(pars)=27
21
56)56)N(pars)=26
13
32)32)N(pars)=25
3
9)9)N(pars)=24
4
16)16)N(pars)=23
20
62)62)N(pars)=22
3
14)14)N(pars)=21
12
40)40)N(pars)=20
4
20)20)N(pars)=19
16
59)59)N(pars)=18
10
39)39)N(pars)=17
10
42)42)N(pars)=16
0
0)0)N(pars)=15
6
27)27)N(pars)=14
2
18)18)N(pars)=13
2
21)21)N(pars)=12
11
67)67)N(pars)=11
9
58)58)File saved: 29: xi=437; xm=5.11; time=2.66
58)N(pars)=10
5
38)38)N(pars)=9
7
51)51)N(pars)=8
1
6)6)N(pars)=7
3
29)29)N(pars)=6
0
1)1)N(pars)=5
2
45)45)N(pars)=4
0
22)22)N(pars)=3
1
50)50)N(pars)=2
0
25)25)N(pars)=1
0
66)66)N(pars)=20
12
13)13)N(pars)=19
11
31)File saved: 30: xi=437; xm=5.11; time=2.66
31)File saved: 31: xi=436; xm=5.11; time=2.66
31)31)N(pars)=18
12
13)13)N(pars)=17
7
36)36)N(pars)=16
1
36)36)N(pars)=15
12
13)13)N(pars)=14
2
36)36)N(pars)=13
4
36)36)N(pars)=12
1
36)36)N(pars)=11
3
37)37)N(pars)=10
5
13)13)N(pars)=9
3
15)15)N(pars)=8
3
46)46)N(pars)=7
4
13)13)N(pars)=6
1
36)36)N(pars)=5
4
58)58)N(pars)=4
2
13)13)N(pars)=3
2
55)55)N(pars)=2
1
36)36)N(pars)=1
0
36)36)File saved: 32: xi=644; xm=5.21; time=3.92
; v[sergly]: 0.000239
N(pars)=69
14
14)14)N(pars)=68
41
42)42)N(pars)=67
41
43)43)N(pars)=66
23
24)24)N(pars)=65
32
34)34)N(pars)=64
7
7)7)N(pars)=63
30
33)33)N(pars)=62
4
4)4)N(pars)=61
60
69)69)N(pars)=60
15
18)18)N(pars)=59
34
41)41)N(pars)=58
10
12)12)N(pars)=57
28
36)36)N(pars)=56
13
17)17)N(pars)=55
22
29)29)N(pars)=54
15
21)21)N(pars)=53
7
9)9)N(pars)=52
43
60)60)N(pars)=51
49
67)67)N(pars)=50
27
40)40)N(pars)=49
1
1)1)N(pars)=48
20
31)31)N(pars)=47
35
55)55)N(pars)=46
1
2)2)N(pars)=45
16
27)27)N(pars)=44
31
52)52)N(pars)=43
41
66)66)N(pars)=42
6
11)11)N(pars)=41
2
5)5)N(pars)=40
34
61)61)N(pars)=39
6
15)15)N(pars)=38
26
50)50)N(pars)=37
8
20)20)N(pars)=36
22
47)47)N(pars)=35
3
8)8)N(pars)=34
33
68)68)N(pars)=33
20
46)46)N(pars)=32
27
59)59)N(pars)=31
19
45)45)N(pars)=30
29
65)65)N(pars)=29
6
19)19)N(pars)=28
3
10)10)N(pars)=27
20
54)54)N(pars)=26
6
23)23)N(pars)=25
23
63)63)N(pars)=24
19
56)56)N(pars)=23
5
22)22)N(pars)=22
14
44)44)N(pars)=21
3
13)13)N(pars)=20
17
58)58)N(pars)=19
14
49)49)N(pars)=18
5
26)26)N(pars)=17
1
3)3)N(pars)=16
2
16)16)N(pars)=15
3
28)28)N(pars)=14
7
38)38)N(pars)=13
12
64)64)N(pars)=12
11
62)62)N(pars)=11
5
35)35)N(pars)=10
4
32)32)N(pars)=9
8
57)57)N(pars)=8
7
51)51)N(pars)=7
6
48)48)N(pars)=6
1
6)6)N(pars)=5
4
39)39)N(pars)=4
2
30)30)N(pars)=3
1
25)File saved: 33: xi=433; xm=5.09; time=2.7
25)25)N(pars)=2
1
37)37)N(pars)=1
0
0)0)N(pars)=1
0
25)25)File saved: 34: xi=436; xm=5.11; time=2.68
; v[pept3]: 7.88e-08
N(pars)=69
51
51)51)N(pars)=68
18
18)18)N(pars)=67
56
59)59)N(pars)=66
32
33)33)File saved: 35: xi=417; xm=5.06; time=2.77
33)N(pars)=65
29
30)30)N(pars)=64
37
40)40)N(pars)=63
43
47)47)N(pars)=62
33
36)36)N(pars)=61
44
50)50)N(pars)=60
27
28)28)N(pars)=59
4
4)4)N(pars)=58
13
14)14)File saved: 36: xi=417; xm=5.06; time=2.77
14)File saved: 37: xi=417; xm=5.06; time=2.75
14)N(pars)=57
53
66)66)N(pars)=56
42
54)54)N(pars)=55
49
63)63)N(pars)=54
16
19)19)N(pars)=53
36
45)45)N(pars)=52
49
67)File saved: 38: xi=417; xm=5.06; time=2.75
67)File saved: 39: xi=417; xm=5.06; time=2.7
67)67)N(pars)=51
3
3)3)N(pars)=50
18
23)23)File saved: 40: xi=417; xm=5.06; time=2.7
23)N(pars)=49
15
20)File saved: 41: xi=417; xm=5.05; time=2.69
20)20)N(pars)=48
11
13)13)N(pars)=47
44
65)65)N(pars)=46
38
57)57)N(pars)=45
31
44)44)N(pars)=44
35
55)55)N(pars)=43
17
25)25)N(pars)=42
12
16)16)N(pars)=41
30
48)48)N(pars)=40
23
37)37)N(pars)=39
34
61)61)N(pars)=38
33
60)File saved: 42: xi=417; xm=5.04; time=2.69
60)60)N(pars)=37
0
0)0)N(pars)=36
8
11)11)N(pars)=35
27
49)49)N(pars)=34
8
12)12)N(pars)=33
9
17)17)N(pars)=32
1
2)2)N(pars)=31
2
6)6)N(pars)=30
17
38)38)N(pars)=29
3
8)8)N(pars)=28
20
46)46)N(pars)=27
15
35)35)N(pars)=26
17
42)42)N(pars)=25
1
5)5)N(pars)=24
15
41)41)File saved: 43: xi=417; xm=5.04; time=2.69
41)N(pars)=23
8
26)26)N(pars)=22
6
22)22)N(pars)=21
6
24)24)N(pars)=20
16
62)62)N(pars)=19
15
58)58)N(pars)=18
15
64)64)N(pars)=17
10
34)34)N(pars)=16
9
32)32)N(pars)=15
14
69)69)N(pars)=14
3
10)10)N(pars)=13
3
15)15)N(pars)=12
3
21)21)N(pars)=11
4
29)29)N(pars)=10
7
52)52)N(pars)=9
3
27)27)N(pars)=8
7
68)68)N(pars)=7
5
43)43)N(pars)=6
2
9)9)N(pars)=5
4
56)56)N(pars)=4
2
31)31)N(pars)=3
2
39)39)N(pars)=2
0
1)1)N(pars)=1
0
7)7)N(pars)=9
7
60)60)N(pars)=8
2
14)14)N(pars)=7
0
33)33)N(pars)=6
0
14)14)N(pars)=5
1
67)67)N(pars)=4
2
20)20)N(pars)=3
1
23)23)N(pars)=2
0
67)67)N(pars)=1
0
41)41)File saved: 44: xi=433; xm=5.09; time=2.7
; v[gln_pr]: 0
N(pars)=69
3
3)3)N(pars)=68
6
7)7)N(pars)=67
35
37)37)N(pars)=66
62
66)66)N(pars)=65
20
22)22)N(pars)=64
58
63)63)N(pars)=63
23
26)26)N(pars)=62
43
48)48)N(pars)=61
1
1)File saved: 45: xi=417; xm=5.03; time=2.7
1)File saved: 46: xi=417; xm=5.02; time=2.7
1)1)N(pars)=60
57
67)67)N(pars)=59
18
21)File saved: 47: xi=417; xm=5.02; time=2.69
21)21)N(pars)=58
43
51)51)N(pars)=57
27
33)33)N(pars)=56
20
25)25)N(pars)=55
32
41)41)N(pars)=54
33
43)43)N(pars)=53
27
35)35)N(pars)=52
48
64)64)N(pars)=51
13
16)16)N(pars)=50
47
65)65)N(pars)=49
9
12)12)N(pars)=48
32
46)46)N(pars)=47
11
15)15)N(pars)=46
25
38)38)N(pars)=45
0
0)0)N(pars)=44
0
2)2)N(pars)=43
8
14)14)N(pars)=42
22
39)39)N(pars)=41
39
68)68)N(pars)=40
33
57)57)N(pars)=39
22
40)40)N(pars)=38
5
10)10)N(pars)=37
18
32)32)N(pars)=36
33
61)61)File saved: 48: xi=417; xm=5.02; time=2.68
61)N(pars)=35
32
60)60)N(pars)=34
24
49)49)N(pars)=33
29
58)58)N(pars)=32
4
9)9)N(pars)=31
27
56)56)N(pars)=30
28
62)62)N(pars)=29
18
36)36)N(pars)=28
18
42)42)N(pars)=27
6
17)File saved: 49: xi=417; xm=5.02; time=2.68
17)17)N(pars)=26
15
31)31)N(pars)=25
1
5)5)N(pars)=24
19
52)52)N(pars)=23
16
45)45)N(pars)=22
21
69)69)N(pars)=21
5
18)18)N(pars)=20
12
30)File saved: 50: xi=417; xm=5.02; time=2.68
30)30)N(pars)=19
13
44)44)N(pars)=18
16
55)55)N(pars)=17
12
34)34)N(pars)=16
14
54)54)N(pars)=15
13
50)50)N(pars)=14
6
20)20)N(pars)=13
0
4)4)N(pars)=12
4
19)19)N(pars)=11
9
47)47)N(pars)=10
5
24)24)N(pars)=9
1
8)8)N(pars)=8
2
13)13)N(pars)=7
3
27)27)N(pars)=6
1
11)11)N(pars)=5
4
59)59)N(pars)=4
1
23)23)N(pars)=3
1
28)28)N(pars)=2
1
29)29)N(pars)=1
0
6)6)N(pars)=6
2
21)File saved: 51: xi=417; xm=5.02; time=2.68
21)21)N(pars)=5
0
1)1)N(pars)=4
3
30)30)N(pars)=3
2
17)17)N(pars)=2
0
1)1)N(pars)=1
0
61)61)File saved: 52: xi=417; xm=5.04; time=2.7
; v[gluout]: 0.000603
N(pars)=69
52
52)52)N(pars)=68
65
67)67)N(pars)=67
28
28)28)N(pars)=66
40
41)41)N(pars)=65
51
55)55)N(pars)=64
16
16)16)N(pars)=63
26
27)27)N(pars)=62
18
19)19)N(pars)=61
19
21)21)N(pars)=60
8
8)8)N(pars)=59
49
59)59)N(pars)=58
1
1)1)N(pars)=57
15
18)18)N(pars)=56
21
29)29)N(pars)=55
6
7)7)N(pars)=54
0
0)0)N(pars)=53
47
63)63)N(pars)=52
25
36)36)N(pars)=51
46
64)64)N(pars)=50
7
11)11)N(pars)=49
24
37)37)N(pars)=48
42
61)61)N(pars)=47
31
46)46)N(pars)=46
15
24)24)N(pars)=45
14
23)23)N(pars)=44
27
44)44)N(pars)=43
22
38)38)N(pars)=42
23
40)40)N(pars)=41
35
60)60)N(pars)=40
5
9)9)N(pars)=39
35
65)65)N(pars)=38
24
45)45)N(pars)=37
10
17)17)N(pars)=36
6
12)12)N(pars)=35
13
30)30)N(pars)=34
9
20)20)N(pars)=33
32
69)69)N(pars)=32
28
58)58)N(pars)=31
10
25)25)N(pars)=30
6
13)13)N(pars)=29
10
31)31)N(pars)=28
16
43)43)N(pars)=27
11
33)33)N(pars)=26
13
39)39)N(pars)=25
21
57)57)N(pars)=24
5
10)10)N(pars)=23
22
68)68)N(pars)=22
9
32)32)N(pars)=21
18
56)56)N(pars)=20
18
62)62)N(pars)=19
5
14)14)N(pars)=18
1
3)3)N(pars)=17
7
34)34)N(pars)=16
15
66)66)N(pars)=15
1
4)4)N(pars)=14
6
35)35)N(pars)=13
5
26)26)N(pars)=12
3
15)15)N(pars)=11
3
22)22)N(pars)=10
1
5)5)N(pars)=9
6
50)50)N(pars)=8
3
47)47)N(pars)=7
0
2)2)N(pars)=6
4
51)51)N(pars)=5
3
49)49)N(pars)=4
3
54)54)N(pars)=3
0
6)6)N(pars)=2
1
48)48)N(pars)=1
0
42)42)File saved: 53: xi=417; xm=5.02; time=2.69
; v[citdmc]: 0.00044
N(pars)=69
20
20)20)N(pars)=68
44
45)45)N(pars)=67
35
36)File saved: 54: xi=404; xm=4.98; time=2.68
36)36)N(pars)=66
19
19)19)N(pars)=65
24
26)26)N(pars)=64
4
4)4)N(pars)=63
13
14)14)N(pars)=62
18
22)22)N(pars)=61
25
31)31)N(pars)=60
53
63)File saved: 55: xi=404; xm=4.91; time=2.68
63)63)N(pars)=59
13
15)15)N(pars)=58
3
3)3)N(pars)=57
4
6)6)N(pars)=56
34
46)46)N(pars)=55
18
27)27)N(pars)=54
21
32)32)N(pars)=53
38
54)54)N(pars)=52
41
58)58)N(pars)=51
22
34)34)N(pars)=50
6
9)9)N(pars)=49
3
5)5)N(pars)=48
28
44)44)N(pars)=47
25
41)41)N(pars)=46
21
37)37)N(pars)=45
41
66)66)N(pars)=44
24
42)42)N(pars)=43
12
21)21)N(pars)=42
9
16)16)N(pars)=41
14
28)28)N(pars)=40
22
47)47)N(pars)=39
37
68)68)N(pars)=38
3
7)7)N(pars)=37
33
64)64)N(pars)=36
25
52)52)N(pars)=35
24
51)51)N(pars)=34
1
1)1)N(pars)=33
14
33)33)N(pars)=32
27
61)61)N(pars)=31
12
29)29)N(pars)=30
4
11)11)N(pars)=29
5
13)13)N(pars)=28
9
25)File saved: 56: xi=396; xm=4.9; time=2.68
25)25)N(pars)=27
24
65)65)N(pars)=26
4
12)12)N(pars)=25
8
30)File saved: 57: xi=396; xm=4.9; time=2.68
30)30)N(pars)=24
5
18)18)N(pars)=23
8
38)38)N(pars)=22
17
59)59)N(pars)=21
12
49)49)N(pars)=20
7
35)35)N(pars)=19
3
10)10)N(pars)=18
13
57)57)N(pars)=17
9
48)48)N(pars)=16
15
69)69)N(pars)=15
13
62)62)N(pars)=14
5
24)24)N(pars)=13
3
17)17)N(pars)=12
3
23)23)N(pars)=11
3
39)39)N(pars)=10
7
56)56)N(pars)=9
2
8)8)N(pars)=8
3
43)43)N(pars)=7
5
60)60)N(pars)=6
5
67)67)N(pars)=5
4
55)55)N(pars)=4
3
50)50)N(pars)=3
2
40)40)N(pars)=2
1
2)2)N(pars)=1
0
0)0)N(pars)=4
1
63)63)N(pars)=3
1
25)25)N(pars)=2
0
36)36)N(pars)=1
0
30)30)File saved: 58: xi=417; xm=5.02; time=2.69
; v[coaout]: 0.000433
N(pars)=69
62
63)63)N(pars)=68
45
45)45)N(pars)=67
16
16)16)N(pars)=66
34
35)35)N(pars)=65
48
51)51)N(pars)=64
26
27)27)N(pars)=63
37
40)40)N(pars)=62
15
15)15)N(pars)=61
25
28)28)N(pars)=60
27
31)31)N(pars)=59
30
36)36)N(pars)=58
45
56)56)N(pars)=57
50
62)62)N(pars)=56
8
8)8)N(pars)=55
5
5)5)N(pars)=54
29
38)38)N(pars)=53
28
37)37)N(pars)=52
46
64)64)N(pars)=51
40
55)55)N(pars)=50
12
14)14)N(pars)=49
3
3)3)N(pars)=48
38
57)57)N(pars)=47
22
30)30)N(pars)=46
10
13)13)N(pars)=45
5
7)7)N(pars)=44
19
29)29)N(pars)=43
7
11)11)N(pars)=42
22
41)41)N(pars)=41
32
58)58)N(pars)=40
24
44)44)N(pars)=39
31
59)59)N(pars)=38
4
6)6)N(pars)=37
0
0)0)N(pars)=36
29
60)60)N(pars)=35
21
43)43)N(pars)=34
8
19)19)N(pars)=33
15
32)32)N(pars)=32
17
39)39)N(pars)=31
15
33)33)N(pars)=30
10
22)22)N(pars)=29
23
61)61)N(pars)=28
24
66)66)N(pars)=27
8
20)20)N(pars)=26
25
69)69)N(pars)=25
23
67)67)N(pars)=24
21
54)54)N(pars)=23
12
26)26)N(pars)=22
10
24)24)N(pars)=21
7
18)18)N(pars)=20
3
9)9)N(pars)=19
0
1)1)N(pars)=18
9
42)42)N(pars)=17
5
21)21)N(pars)=16
12
50)50)N(pars)=15
10
48)48)N(pars)=14
8
46)46)N(pars)=13
4
17)17)N(pars)=12
6
34)34)N(pars)=11
1
4)4)N(pars)=10
9
68)68)N(pars)=9
6
49)49)N(pars)=8
0
2)2)N(pars)=7
6
65)65)N(pars)=6
2
23)23)N(pars)=5
3
47)47)N(pars)=4
1
12)12)N(pars)=3
1
25)25)N(pars)=2
0
10)10)N(pars)=1
0
52)52)File saved: 59: xi=396; xm=4.9; time=2.68
; v[t3ser]: 1.15e-05
N(pars)=69
22
22)22)N(pars)=68
63
65)65)N(pars)=67
25
26)26)N(pars)=66
45
47)47)N(pars)=65
50
54)54)N(pars)=64
54
59)59)N(pars)=63
54
60)60)N(pars)=62
37
39)39)N(pars)=61
6
6)6)N(pars)=60
12
13)13)N(pars)=59
46
52)52)N(pars)=58
38
43)43)N(pars)=57
22
25)25)N(pars)=56
8
9)9)N(pars)=55
50
64)64)N(pars)=54
48
62)62)File saved: 60: xi=395; xm=4.88; time=2.7
62)File saved: 61: xi=395; xm=4.86; time=2.69
62)File saved: 62: xi=395; xm=4.85; time=2.69
62)N(pars)=53
51
68)68)N(pars)=52
30
36)36)N(pars)=51
36
45)45)N(pars)=50
13
16)16)N(pars)=49
5
5)File saved: 63: xi=395; xm=4.85; time=2.68
5)5)N(pars)=48
11
15)15)N(pars)=47
9
12)12)N(pars)=46
23
33)33)N(pars)=45
11
18)18)N(pars)=44
39
61)61)N(pars)=43
37
57)57)N(pars)=42
27
41)41)N(pars)=41
23
35)35)N(pars)=40
20
31)31)N(pars)=39
30
50)50)N(pars)=38
17
28)28)N(pars)=37
29
51)51)N(pars)=36
1
1)1)N(pars)=35
23
42)42)N(pars)=34
30
63)63)N(pars)=33
16
29)29)N(pars)=32
7
11)11)N(pars)=31
21
44)44)N(pars)=30
9
19)19)N(pars)=29
7
14)14)N(pars)=28
13
30)30)N(pars)=27
4
7)7)N(pars)=26
14
37)37)N(pars)=25
10
24)24)N(pars)=24
19
56)56)N(pars)=23
16
48)48)N(pars)=22
16
49)49)N(pars)=21
3
4)4)File saved: 64: xi=395; xm=4.85; time=2.68
4)N(pars)=20
10
32)32)N(pars)=19
15
58)58)N(pars)=18
2
3)3)N(pars)=17
2
8)8)N(pars)=16
14
67)67)N(pars)=15
12
55)55)N(pars)=14
10
40)40)N(pars)=13
7
27)27)N(pars)=12
6
23)23)N(pars)=11
9
66)66)N(pars)=10
9
69)69)N(pars)=9
5
21)21)N(pars)=8
5
34)34)N(pars)=7
0
0)0)N(pars)=6
2
17)17)N(pars)=5
2
20)20)N(pars)=4
1
10)10)N(pars)=3
0
2)2)N(pars)=2
1
46)46)N(pars)=1
0
38)38)N(pars)=5
4
4)4)N(pars)=4
2
62)62)N(pars)=3
2
5)5)N(pars)=2
0
62)62)N(pars)=1
0
62)62)File saved: 65: xi=396; xm=4.9; time=2.76
; v[glycogou]: 2.73e-05
N(pars)=69
46
46)46)N(pars)=68
6
6)6)N(pars)=67
43
44)44)N(pars)=66
20
21)21)N(pars)=65
15
16)16)N(pars)=64
4
4)4)N(pars)=63
17
20)20)N(pars)=62
14
17)17)N(pars)=61
14
18)18)File saved: 66: xi=392; xm=4.71; time=2.69
18)N(pars)=60
15
22)22)N(pars)=59
51
62)62)File saved: 67: xi=392; xm=4.69; time=2.69
62)N(pars)=58
6
8)8)N(pars)=57
3
3)3)N(pars)=56
46
59)59)N(pars)=55
35
47)47)N(pars)=54
31
41)41)N(pars)=53
33
45)45)N(pars)=52
1
1)1)N(pars)=51
36
52)52)N(pars)=50
27
38)38)N(pars)=49
47
68)68)N(pars)=48
21
32)32)N(pars)=47
27
40)40)N(pars)=46
25
37)37)N(pars)=45
27
43)43)N(pars)=44
6
11)11)N(pars)=43
8
14)14)N(pars)=42
23
39)39)N(pars)=41
5
10)10)N(pars)=40
24
49)49)N(pars)=39
38
69)69)N(pars)=38
20
35)35)N(pars)=37
25
54)54)N(pars)=36
30
61)61)N(pars)=35
23
50)50)File saved: 68: xi=392; xm=4.69; time=2.68
50)N(pars)=34
29
63)63)N(pars)=33
2
5)5)N(pars)=32
9
24)24)N(pars)=31
24
57)57)N(pars)=30
22
55)55)N(pars)=29
6
15)15)N(pars)=28
18
42)42)N(pars)=27
10
27)27)N(pars)=26
8
25)25)N(pars)=25
8
26)26)N(pars)=24
22
66)66)N(pars)=23
16
51)51)N(pars)=22
3
9)9)N(pars)=21
14
48)48)N(pars)=20
19
67)67)N(pars)=19
2
7)7)N(pars)=18
0
0)0)N(pars)=17
0
2)2)N(pars)=16
13
60)60)N(pars)=15
2
19)19)N(pars)=14
13
65)65)N(pars)=13
4
29)29)N(pars)=12
9
56)56)N(pars)=11
1
13)13)N(pars)=10
8
58)58)N(pars)=9
3
30)30)N(pars)=8
5
34)34)N(pars)=7
0
12)12)N(pars)=6
0
23)23)N(pars)=5
2
33)33)N(pars)=4
1
31)31)N(pars)=3
0
28)28)N(pars)=2
0
36)36)N(pars)=1
0
64)64)N(pars)=3
1
62)62)N(pars)=2
0
18)18)N(pars)=1
0
50)50)File saved: 69: xi=395; xm=4.85; time=2.68
; v[pc]: 1.43e-05
N(pars)=69
10
10)File saved: 70: xi=395; xm=4.68; time=2.69
10)10)N(pars)=68
18
19)19)N(pars)=67
21
23)23)N(pars)=66
60
64)64)N(pars)=65
42
45)45)N(pars)=64
38
41)41)N(pars)=63
49
55)File saved: 71: xi=395; xm=4.68; time=2.69
55)55)N(pars)=62
55
62)62)N(pars)=61
6
6)6)N(pars)=60
34
38)38)N(pars)=59
40
47)47)N(pars)=58
4
4)4)N(pars)=57
49
60)60)N(pars)=56
37
44)44)N(pars)=55
50
65)65)N(pars)=54
10
13)13)N(pars)=53
45
58)58)N(pars)=52
43
56)56)N(pars)=51
17
22)22)N(pars)=50
43
59)59)N(pars)=49
39
51)51)N(pars)=48
36
48)48)N(pars)=47
43
66)66)N(pars)=46
11
15)15)N(pars)=45
30
39)39)N(pars)=44
29
37)37)N(pars)=43
31
43)43)N(pars)=42
20
28)28)N(pars)=41
20
29)29)N(pars)=40
35
61)61)N(pars)=39
13
18)18)N(pars)=38
14
21)21)N(pars)=37
36
69)69)N(pars)=36
31
54)54)N(pars)=35
27
46)46)N(pars)=34
18
30)30)N(pars)=33
13
20)20)N(pars)=32
5
7)7)N(pars)=31
9
14)14)N(pars)=30
1
1)1)N(pars)=29
3
5)5)N(pars)=28
5
11)11)N(pars)=27
21
50)50)N(pars)=26
12
31)31)N(pars)=25
5
12)12)N(pars)=24
15
36)36)N(pars)=23
19
57)57)N(pars)=22
14
35)35)N(pars)=21
9
26)26)File saved: 72: xi=395; xm=4.68; time=2.68
26)File saved: 73: xi=395; xm=4.68; time=2.68
26)N(pars)=20
19
68)68)N(pars)=19
12
34)34)N(pars)=18
12
40)40)N(pars)=17
15
63)63)N(pars)=16
2
3)3)N(pars)=15
6
24)24)N(pars)=14
4
16)16)N(pars)=13
12
67)67)N(pars)=12
11
52)52)N(pars)=11
2
8)8)N(pars)=10
7
33)33)N(pars)=9
7
42)42)N(pars)=8
1
2)2)N(pars)=7
3
25)25)N(pars)=6
5
49)49)N(pars)=5
0
0)0)N(pars)=4
3
32)32)N(pars)=3
2
27)27)N(pars)=2
1
17)17)N(pars)=1
0
9)9)N(pars)=4
1
55)55)N(pars)=3
0
10)10)N(pars)=2
1
26)26)N(pars)=1
0
26)26)File saved: 74: xi=392; xm=4.69; time=2.71
; v[coar]: 0.000107
N(pars)=69
5
5)5)N(pars)=68
37
38)38)N(pars)=67
26
27)27)N(pars)=66
62
66)66)N(pars)=65
45
48)File saved: 75: xi=395; xm=4.68; time=2.7
48)48)File saved: 76: xi=395; xm=4.68; time=2.7
48)File saved: 77: xi=395; xm=4.68; time=2.68
48)N(pars)=64
9
10)10)N(pars)=63
49
55)55)N(pars)=62
16
18)18)N(pars)=61
27
31)31)N(pars)=60
29
34)34)N(pars)=59
18
21)21)N(pars)=58
57
69)69)N(pars)=57
28
35)35)N(pars)=56
9
11)11)N(pars)=55
1
1)1)N(pars)=54
23
30)30)N(pars)=53
16
22)22)N(pars)=52
12
16)16)N(pars)=51
26
40)40)N(pars)=50
9
13)13)N(pars)=49
7
9)9)N(pars)=48
40
60)60)N(pars)=47
42
63)File saved: 78: xi=395; xm=4.61; time=2.68
63)63)N(pars)=46
33
51)51)N(pars)=45
24
41)41)N(pars)=44
12
20)20)N(pars)=43
30
50)50)N(pars)=42
32
56)56)N(pars)=41
35
61)61)N(pars)=40
28
47)47)N(pars)=39
18
32)32)N(pars)=38
14
25)25)N(pars)=37
27
52)52)N(pars)=36
33
65)65)N(pars)=35
24
45)45)N(pars)=34
4
6)6)N(pars)=33
29
62)62)N(pars)=32
22
44)44)N(pars)=31
6
12)12)N(pars)=30
28
67)67)N(pars)=29
16
36)36)N(pars)=28
8
17)17)N(pars)=27
1
2)2)N(pars)=26
2
4)4)N(pars)=25
22
59)59)N(pars)=24
20
57)57)N(pars)=23
3
8)8)N(pars)=22
19
58)58)N(pars)=21
3
14)14)N(pars)=20
16
49)49)N(pars)=19
0
0)0)N(pars)=18
2
15)15)N(pars)=17
15
64)64)N(pars)=16
8
33)33)N(pars)=15
8
37)37)N(pars)=14
8
39)39)N(pars)=13
8
42)42)N(pars)=12
7
29)29)N(pars)=11
0
3)3)N(pars)=10
1
19)19)N(pars)=9
8
68)68)N(pars)=8
2
24)24)N(pars)=7
5
46)46)N(pars)=6
5
54)54)N(pars)=5
4
43)43)N(pars)=4
2
26)26)N(pars)=3
2
28)28)N(pars)=2
0
7)7)N(pars)=1
0
23)23)N(pars)=4
2
48)48)N(pars)=3
0
48)48)N(pars)=2
0
48)48)N(pars)=1
0
63)63)File saved: 79: xi=395; xm=4.68; time=2.72
; v[pro_pr]: 0
N(pars)=69
62
63)File saved: 80: xi=395; xm=4.53; time=2.7
63)63)N(pars)=68
37
37)37)N(pars)=67
28
28)28)N(pars)=66
55
58)58)N(pars)=65
37
39)39)N(pars)=64
4
4)4)File saved: 81: xi=395; xm=4.53; time=2.69
4)N(pars)=63
18
19)19)N(pars)=62
18
20)20)N(pars)=61
13
14)14)N(pars)=60
22
26)26)N(pars)=59
42
50)50)N(pars)=58
28
34)34)N(pars)=57
31
40)40)N(pars)=56
32
42)42)N(pars)=55
23
29)29)N(pars)=54
31
43)File saved: 82: xi=395; xm=4.53; time=2.69
43)43)N(pars)=53
40
55)55)N(pars)=52
5
6)6)N(pars)=51
43
61)61)File saved: 83: xi=395; xm=4.53; time=2.69
61)N(pars)=50
22
30)30)N(pars)=49
7
9)9)N(pars)=48
39
59)59)N(pars)=47
22
32)32)N(pars)=46
39
62)62)N(pars)=45
11
15)15)N(pars)=44
28
46)46)N(pars)=43
27
45)45)N(pars)=42
16
23)23)N(pars)=41
38
67)67)N(pars)=40
16
24)24)N(pars)=39
20
Nn=944
cell=A549
1=ntr 139=ifn
C13]-Glucose","1,
C13]-Glutamine","
324 strok
titles - data: 17 - 17
Tracer=[3-C13]-Glutamine; Isotopomer=4; Carbons=5; Labels=1; Fraction=1
labmet=[3-C13]-Glutamine
tex=0 1.44e+03 
28.2 71.6 0.256 -1.31 1.22 Aspartate_mean time=1.44e+03
0.297 0.382 0.0474 0.0161 0.0852 Aspartate_sd

53.9 43.9 2.16 -1.27 1.35 0.0938 -0.0851 Citrate_mean time=1.44e+03
1.64 1.43 0.194 0.102 0.0713 0.0236 0.00685 Citrate_sd

32.4 63.6 2.98 0.79 Glutamate2-4_mean time=1.44e+03
0.465 0.432 0.0281 0.448 Glutamate2-4_sd

24.3 74.6 0.479 0.782 -0.124 Glutamate2-5_mean time=1.44e+03
0.522 0.5 0.177 0.0107 0.00172 Glutamate2-5_sd

30.2 70.3 -0.223 -1.55 1.24 Malate_mean time=1.44e+03
0.144 0.323 0.155 0.0636 0.0573 Malate_sd

 13C%: [3-C13]-Glutamine, fraction: 1
Glutamin m0=0 t=0
tracer=Glutamin
Asp m0=0.282 t=1.44e+03
Cit m0=0.539 t=1.44e+03
Glutamate2-4 no metabolite match?!?!?!
Glutamate2-5 m0=0.243 t=1.44e+03
Mal m0=0.302 t=1.44e+03
ngl:8.64; nlac:0.807; nglu:0.101; ngln:2.92; nrna:0.25; nglycog:3; npro:0.0001; nasp:0.005; nala:0.4; nser:0.4; nagl:1; npyrm:0.00467; ncoa:6.21; ncoac:0.007; ngly:0.4; noa:0.000546; noac:0.000307; ncit:0.131; nakg:0.0198; nfum:0.0856; nmal:0.393; nfbp:0.0909; nt3:0.076; npep:0.00523; npyr:0.0735; ncthf:0.5; ncitc:0.0989; nakgc:0.0115; ne4:0.00621; nh6:0.00809; ns7:0.0613; np5:7.81e-05; atp:0.527; nad:0.959; 
Warning: empty y range [0.0001:0.0001], adjusting to [9.9e-05:0.000101]
Warning: empty y range [0.4:0.4], adjusting to [0.396:0.404]
Warning: empty y range [0.4:0.4], adjusting to [0.396:0.404]
Warning: empty y range [2.915:2.915], adjusting to [2.88585:2.94415]
Warning: empty y range [0.005:0.005], adjusting to [0.00495:0.00505]
Warning: empty y range [3:3], adjusting to [2.97:3.03]
ngl:8.64; nlac:0.807; nglu:0.101; ngln:2.92; nrna:0.25; nglycog:3; npro:0.0001; nasp:0.005; nala:0.4; nser:0.4; nagl:1; npyrm:0.0233; ncoa:0.0621; ncoac:0.007; ngly:0.4; noa:0.174; noac:0.00712; ncit:0.7; nakg:0.2; nfum:0.419; nmal:0.2; nfbp:1.42; nt3:0.207; npep:0.0331; npyr:0.13; ncthf:0.5; ncitc:0.0566; nakgc:0.0119; ne4:0.0271; nh6:0.101; ns7:0.042; np5:0.000722; atp:0.52; nad:0.889; 
 Σxi²=169
        **Metab   *   init    Final :    exper -> xi²

         Asp_m0:         1    0.362 :   0.282 -> 64.7
         Cit_m0:         1    0.535 :   0.539 -> 0.0433
Glutamate2-5_m0:         1    0.277 :   0.243 -> 11.5
         Mal_m0:         1    0.315 :   0.302 -> 1.64

        Gluc_c:      8.64     4.97**    5.28 -> 0.353
    Glutamin_c:      2.92     2.68**    2.17 -> 5.6
         Lac_c:     0.807     9.07**    7.85 -> 2.42
Glutamate2-5_c:     0.101   0.0443**     0.5 -> 83.1
File saved: 250002: xi=169; xm=15.2; time=2.79
99
0 1 2 3 4 5 6 7 8 9 10 11 12 13 14 15 16 17 18 19 20 21 22 23 24 25 26 27 28 29 30 31 32 33 34 35 36 37 38 39 40 41 42 43 44 45 46 47 48 49 50 51 52 54 55 56 57 58 59 60 61 62 63 64 65 66 67 68 69 
; v[ser_pr]: 0.000155
N(pars)=69
35
35)35)N(pars)=68
42
43)43)N(pars)=67
18
18)18)N(pars)=66
18
19)19)N(pars)=65
3
3)3)N(pars)=64
9
10)10)N(pars)=63
56
63)63)N(pars)=62
1
1)1)N(pars)=61
43
50)50)N(pars)=60
51
60)60)N(pars)=59
17
22)22)N(pars)=58
17
23)23)N(pars)=57
7
9)9)N(pars)=56
38
48)48)N(pars)=55
20
28)28)N(pars)=54
7
11)11)N(pars)=53
43
58)58)N(pars)=52
0
0)0)N(pars)=51
21
32)32)N(pars)=50
20
31)31)N(pars)=49
5
8)8)N(pars)=48
17
29)29)N(pars)=47
35
55)55)N(pars)=46
38
61)61)N(pars)=45
13
24)24)N(pars)=44
15
27)27)N(pars)=43
34
57)57)N(pars)=42
35
62)62)N(pars)=41
30
51)51)N(pars)=40
30
52)52)N(pars)=39
12
21)21)N(pars)=38
7
14)14)N(pars)=37
0
2)2)N(pars)=36
23
45)45)N(pars)=35
7
16)16)N(pars)=34
13
34)34)N(pars)=33
16
39)39)File saved: 139: xi=153; xm=14.9; time=2.95
39)File saved: 140: xi=140; xm=14.7; time=3.15
39)File saved: 141: xi=131; xm=14.6; time=3.35
39)N(pars)=32
17
41)41)File saved: 142: xi=131; xm=14.6; time=3.3
41)File saved: 143: xi=131; xm=14.6; time=3.29
41)File saved: 144: xi=131; xm=14.6; time=3.29
41)N(pars)=31
14
37)37)N(pars)=30
3
7)7)N(pars)=29
9
26)26)N(pars)=28
0
4)4)File saved: 145: xi=131; xm=14.6; time=3.26
4)N(pars)=27
7
25)25)N(pars)=26
7
30)30)N(pars)=25
22
67)67)N(pars)=24
14
47)47)N(pars)=23
1
6)6)N(pars)=22
20
68)68)N(pars)=21
13
49)49)File saved: 146: xi=131; xm=14.5; time=2.88
49)N(pars)=20
7
36)36)N(pars)=19
9
42)File saved: 147: xi=131; xm=14.5; time=2.88
42)File saved: 148: xi=131; xm=14.5; time=2.88
42)File saved: 149: xi=131; xm=14.5; time=2.87
42)42)N(pars)=18
0
5)File saved: 150: xi=131; xm=14.5; time=2.83
5)5)N(pars)=17
6
38)38)N(pars)=16
8
46)46)N(pars)=15
14
69)69)N(pars)=14
10
59)59)N(pars)=13
9
56)56)N(pars)=12
6
40)40)N(pars)=11
6
44)44)N(pars)=10
7
64)64)N(pars)=9
4
20)20)N(pars)=8
0
12)12)N(pars)=7
1
15)15)N(pars)=6
5
66)66)N(pars)=5
4
65)65)N(pars)=4
3
54)54)N(pars)=3
1
17)17)N(pars)=2
1
33)33)N(pars)=1
0
13)13)N(pars)=12
4
41)41)N(pars)=11
3
41)41)N(pars)=10
0
39)39)N(pars)=9
3
4)4)N(pars)=8
1
39)39)N(pars)=7
5
42)42)N(pars)=6
1
41)41)N(pars)=5
2
42)42)N(pars)=4
1
49)49)N(pars)=3
2
5)5)N(pars)=2
1
42)42)N(pars)=1
0
39)39)File saved: 151: xi=169; xm=15.2; time=2.81
; v[malicm]: 0.000587
N(pars)=69
34
34)34)N(pars)=68
37
38)38)N(pars)=67
40
42)42)N(pars)=66
14
14)14)N(pars)=65
64
69)69)N(pars)=64
39
43)43)N(pars)=63
45
50)50)N(pars)=62
51
58)58)N(pars)=61
45
51)51)N(pars)=60
22
23)23)N(pars)=59
9
9)9)N(pars)=58
29
32)32)N(pars)=57
55
67)67)N(pars)=56
16
18)18)N(pars)=55
18
21)21)N(pars)=54
47
61)61)N(pars)=53
45
59)59)File saved: 152: xi=127; xm=14.2; time=2.83
59)N(pars)=52
0
0)0)N(pars)=51
40
54)54)N(pars)=50
9
11)11)N(pars)=49
1
2)2)N(pars)=48
25
35)35)N(pars)=47
34
48)48)N(pars)=46
5
7)7)N(pars)=45
29
44)44)N(pars)=44
13
20)20)N(pars)=43
20
30)30)N(pars)=42
11
17)17)N(pars)=41
37
64)64)N(pars)=40
32
56)56)N(pars)=39
35
63)63)N(pars)=38
6
10)10)N(pars)=37
15
27)27)N(pars)=36
12
24)24)N(pars)=35
18
36)36)N(pars)=34
19
39)39)N(pars)=33
11
22)22)N(pars)=32
12
26)26)N(pars)=31
21
47)47)N(pars)=30
16
37)37)N(pars)=29
2
4)4)N(pars)=28
24
62)62)N(pars)=27
14
33)33)N(pars)=26
15
41)41)N(pars)=25
12
29)29)N(pars)=24
1
3)3)N(pars)=23
12
40)40)N(pars)=22
7
16)16)N(pars)=21
8
25)25)N(pars)=20
13
52)File saved: 153: xi=127; xm=14.2; time=2.82
52)52)N(pars)=19
6
15)15)N(pars)=18
11
49)49)N(pars)=17
1
5)5)N(pars)=16
13
65)65)N(pars)=15
11
57)57)N(pars)=14
7
31)31)N(pars)=13
6
28)28)N(pars)=12
2
8)8)N(pars)=11
8
60)60)N(pars)=10
2
12)12)N(pars)=9
0
1)1)N(pars)=8
1
13)13)N(pars)=7
3
46)46)N(pars)=6
4
66)66)N(pars)=5
4
68)68)N(pars)=4
3
55)55)N(pars)=3
1
19)19)N(pars)=2
0
6)6)N(pars)=1
0
45)45)N(pars)=2
1
52)52)N(pars)=1
0
59)59)File saved: 154: xi=131; xm=14.5; time=2.86
; v[fbpase]: 0.00136
N(pars)=69
42
42)42)N(pars)=68
5
5)5)N(pars)=67
3
3)3)N(pars)=66
4
6)6)N(pars)=65
27
30)30)N(pars)=64
37
41)41)N(pars)=63
0
0)0)N(pars)=62
25
29)29)File saved: 155: xi=127; xm=14.1; time=2.87
29)N(pars)=61
29
35)35)N(pars)=60
31
38)38)N(pars)=59
57
68)68)N(pars)=58
47
58)58)N(pars)=57
12
16)16)N(pars)=56
20
25)25)N(pars)=55
36
48)48)File saved: 156: xi=127; xm=14.1; time=2.85
48)File saved: 157: xi=127; xm=14.1; time=2.85
48)N(pars)=54
9
13)13)N(pars)=53
29
40)40)N(pars)=52
8
12)12)N(pars)=51
16
23)23)N(pars)=50
42
61)61)N(pars)=49
7
11)11)N(pars)=48
26
43)43)N(pars)=47
10
18)18)N(pars)=46
42
65)File saved: 158: xi=127; xm=14.1; time=2.83
65)65)N(pars)=45
40
63)63)N(pars)=44
29
49)49)N(pars)=43
38
62)62)N(pars)=42
0
1)1)N(pars)=41
14
26)26)N(pars)=40
14
27)27)N(pars)=39
18
34)34)N(pars)=38
7
15)15)N(pars)=37
3
8)8)N(pars)=36
32
64)64)N(pars)=35
23
50)50)N(pars)=34
33
69)69)N(pars)=33
3
9)9)N(pars)=32
11
28)28)N(pars)=31
0
2)2)N(pars)=30
26
59)59)N(pars)=29
9
24)24)N(pars)=28
22
55)55)N(pars)=27
1
7)7)N(pars)=26
21
56)File saved: 159: xi=127; xm=14.1; time=2.82
56)56)N(pars)=25
20
54)54)N(pars)=24
9
32)32)N(pars)=23
22
67)67)N(pars)=22
4
19)19)N(pars)=21
6
22)22)N(pars)=20
12
45)45)N(pars)=19
14
51)51)N(pars)=18
15
57)57)N(pars)=17
1
10)10)N(pars)=16
13
52)52)N(pars)=15
3
20)20)N(pars)=14
9
44)44)N(pars)=13
8
39)39)N(pars)=12
9
47)47)N(pars)=11
2
17)17)N(pars)=10
1
14)14)N(pars)=9
2
31)31)N(pars)=8
6
60)60)N(pars)=7
4
37)37)N(pars)=6
4
46)46)N(pars)=5
0
4)4)N(pars)=4
2
36)36)N(pars)=3
2
66)66)N(pars)=2
1
33)33)N(pars)=1
0
21)21)N(pars)=5
1
48)48)N(pars)=4
1
48)48)N(pars)=3
1
65)65)N(pars)=2
1
56)56)N(pars)=1
0
29)29)File saved: 160: xi=127; xm=14.2; time=2.99
; v[glyser]: 0.00318
N(pars)=69
43
43)43)N(pars)=68
32
32)32)N(pars)=67
5
5)5)N(pars)=66
63
67)67)N(pars)=65
58
62)File saved: 161: xi=127; xm=14.1; time=2.84
62)62)N(pars)=64
9
10)10)N(pars)=63
60
66)66)N(pars)=62
60
68)68)N(pars)=61
4
4)4)N(pars)=60
52
58)58)N(pars)=59
0
0)0)N(pars)=58
12
16)16)N(pars)=57
6
9)File saved: 162: xi=127; xm=14.1; time=2.82
9)9)N(pars)=56
45
54)54)N(pars)=55
2
3)3)N(pars)=54
22
29)29)N(pars)=53
12
19)19)N(pars)=52
44
57)57)N(pars)=51
39
50)50)N(pars)=50
26
36)36)N(pars)=49
46
64)64)N(pars)=48
9
15)15)N(pars)=47
40
56)56)N(pars)=46
2
6)6)N(pars)=45
36
51)51)N(pars)=44
32
46)46)N(pars)=43
14
24)24)N(pars)=42
2
7)7)N(pars)=41
30
47)47)N(pars)=40
33
55)55)N(pars)=39
26
41)41)N(pars)=38
12
23)23)N(pars)=37
20
35)35)N(pars)=36
15
28)28)N(pars)=35
29
59)59)N(pars)=34
26
48)48)N(pars)=33
23
42)42)N(pars)=32
30
65)65)N(pars)=31
30
69)69)N(pars)=30
18
34)34)N(pars)=29
2
8)8)N(pars)=28
18
38)38)N(pars)=27
0
1)1)N(pars)=26
6
18)18)N(pars)=25
8
22)22)N(pars)=24
4
14)14)N(pars)=23
0
2)2)N(pars)=22
11
33)33)N(pars)=21
19
61)61)N(pars)=20
17
52)52)N(pars)=19
10
31)31)N(pars)=18
4
20)20)N(pars)=17
14
49)49)N(pars)=16
2
13)13)N(pars)=15
14
63)63)N(pars)=14
9
39)39)N(pars)=13
5
26)26)N(pars)=12
11
60)60)N(pars)=11
10
45)45)N(pars)=10
3
21)21)N(pars)=9
8
44)44)N(pars)=8
5
30)30)N(pars)=7
3
25)25)N(pars)=6
5
40)40)N(pars)=5
0
11)11)N(pars)=4
2
27)27)N(pars)=3
0
12)12)N(pars)=2
0
17)17)N(pars)=1
0
37)37)N(pars)=2
1
9)9)N(pars)=1
0
62)62)File saved: 163: xi=127; xm=14.1; time=2.87
; v[fumout]: 0.000317
N(pars)=69
28
28)28)N(pars)=68
59
61)61)N(pars)=67
56
58)58)N(pars)=66
20
20)20)N(pars)=65
45
47)47)N(pars)=64
56
62)62)N(pars)=63
18
18)18)N(pars)=62
38
41)41)N(pars)=61
51
57)57)N(pars)=60
24
26)26)N(pars)=59
27
31)31)N(pars)=58
20
22)22)N(pars)=57
34
40)40)N(pars)=56
34
42)42)N(pars)=55
39
49)49)File saved: 164: xi=126; xm=14.1; time=2.72
49)N(pars)=54
6
6)6)N(pars)=53
30
37)37)N(pars)=52
0
0)0)N(pars)=51
22
29)29)N(pars)=50
17
21)21)N(pars)=49
23
33)33)N(pars)=48
38
56)56)N(pars)=47
8
10)10)N(pars)=46
35
54)54)N(pars)=45
11
14)14)N(pars)=44
32
51)51)N(pars)=43
31
50)50)N(pars)=42
1
2)2)N(pars)=41
32
59)59)N(pars)=40
18
30)File saved: 165: xi=126; xm=14.1; time=2.72
30)30)N(pars)=39
3
5)5)N(pars)=38
21
38)38)N(pars)=37
35
68)68)N(pars)=36
2
4)4)N(pars)=35
4
9)9)N(pars)=34
7
15)15)N(pars)=33
16
35)35)N(pars)=32
21
46)46)N(pars)=31
26
64)64)N(pars)=30
1
3)3)N(pars)=29
1
7)7)N(pars)=28
22
60)60)N(pars)=27
21
55)55)N(pars)=26
16
43)43)N(pars)=25
19
52)52)N(pars)=24
20
65)65)N(pars)=23
12
32)32)N(pars)=22
9
24)24)N(pars)=21
1
8)8)N(pars)=20
0
1)1)N(pars)=19
9
34)34)N(pars)=18
0
11)11)N(pars)=17
10
44)44)N(pars)=16
9
39)39)N(pars)=15
4
19)19)N(pars)=14
11
66)66)N(pars)=13
12
69)69)N(pars)=12
6
27)27)N(pars)=11
4
23)23)File saved: 166: xi=126; xm=14.1; time=2.71
23)N(pars)=10
4
25)25)N(pars)=9
3
17)17)N(pars)=8
4
45)45)N(pars)=7
4
48)48)N(pars)=6
2
16)16)N(pars)=5
3
63)63)N(pars)=4
3
67)67)N(pars)=3
0
12)12)N(pars)=2
0
13)13)File saved: 167: xi=125; xm=14.1; time=2.72
13)N(pars)=1
0
36)36)N(pars)=4
0
49)49)N(pars)=3
1
23)23)N(pars)=2
1
13)13)N(pars)=1
0
30)30)File saved: 168: xi=127; xm=14.1; time=2.85
; v[ppp]: 0.000104
N(pars)=69
64
65)65)N(pars)=68
31
31)31)N(pars)=67
4
4)4)N(pars)=66
18
19)19)N(pars)=65
15
16)16)N(pars)=64
25
28)28)N(pars)=63
26
30)30)N(pars)=62
19
22)22)N(pars)=61
41
48)48)N(pars)=60
32
39)39)N(pars)=59
37
45)45)N(pars)=58
39
49)49)N(pars)=57
20
24)24)N(pars)=56
41
54)54)N(pars)=55
53
68)68)N(pars)=54
25
33)33)N(pars)=53
27
36)36)N(pars)=52
46
62)62)N(pars)=51
3
3)3)N(pars)=50
39
56)56)N(pars)=49
4
6)6)N(pars)=48
6
9)9)N(pars)=47
26
40)40)N(pars)=46
27
42)42)N(pars)=45
29
46)46)N(pars)=44
42
67)67)N(pars)=43
1
1)1)N(pars)=42
7
12)12)N(pars)=41
8
14)14)N(pars)=40
34
60)60)N(pars)=39
11
20)20)N(pars)=38
11
21)21)N(pars)=37
11
23)23)N(pars)=36
34
66)66)N(pars)=35
25
51)51)N(pars)=34
1
2)2)N(pars)=33
26
57)57)N(pars)=32
9
18)18)N(pars)=31
2
7)7)N(pars)=30
7
17)17)N(pars)=29
28
69)69)N(pars)=28
11
32)32)N(pars)=27
6
15)15)N(pars)=26
11
35)35)N(pars)=25
14
43)43)N(pars)=24
0
0)0)N(pars)=23
14
47)47)N(pars)=22
2
10)10)N(pars)=21
16
58)58)N(pars)=20
9
37)37)N(pars)=19
3
13)13)N(pars)=18
8
38)38)N(pars)=17
11
52)52)N(pars)=16
4
26)26)N(pars)=15
9
50)50)N(pars)=14
8
44)44)N(pars)=13
8
55)55)N(pars)=12
0
5)5)N(pars)=11
2
25)25)N(pars)=10
3
29)29)N(pars)=9
1
11)11)N(pars)=8
4
59)59)N(pars)=7
0
8)8)N(pars)=6
5
64)64)N(pars)=5
4
63)63)N(pars)=4
0
27)27)N(pars)=3
2
61)61)N(pars)=2
0
34)34)N(pars)=1
0
41)41)File saved: 169: xi=125; xm=14.1; time=2.69
; v[ala_pr]: 0
N(pars)=69
62
63)File saved: 170: xi=125; xm=14.1; time=2.73
63)File saved: 171: xi=124; xm=14.1; time=2.71
63)63)N(pars)=68
55
56)56)N(pars)=67
11
11)11)N(pars)=66
21
22)22)N(pars)=65
3
3)3)N(pars)=64
54
59)59)N(pars)=63
40
43)43)N(pars)=62
22
25)25)N(pars)=61
9
10)10)N(pars)=60
21
26)26)N(pars)=59
42
49)49)N(pars)=58
0
0)0)N(pars)=57
14
18)18)N(pars)=56
10
14)File saved: 172: xi=124; xm=14.1; time=2.71
14)14)N(pars)=55
30
39)39)N(pars)=54
44
58)58)N(pars)=53
16
23)23)File saved: 173: xi=124; xm=14.1; time=2.7
23)N(pars)=52
42
57)57)N(pars)=51
21
31)31)N(pars)=50
28
40)40)N(pars)=49
28
41)41)N(pars)=48
20
30)30)N(pars)=47
25
37)37)N(pars)=46
31
48)48)N(pars)=45
28
45)45)N(pars)=44
37
62)62)N(pars)=43
23
35)35)N(pars)=42
1
2)2)N(pars)=41
16
27)27)N(pars)=40
3
6)6)N(pars)=39
7
13)13)N(pars)=38
2
5)5)N(pars)=37
34
67)67)N(pars)=36
25
Nn=944
cell=A549
1=ntr 174=ifn
C13]-Glucose","1,
C13]-Glutamine","
324 strok
titles - data: 17 - 17
Tracer=[3-C13]-Glutamine; Isotopomer=4; Carbons=5; Labels=1; Fraction=1
labmet=[3-C13]-Glutamine
tex=0 1.44e+03 
28.2 71.6 0.256 -1.31 1.22 Aspartate_mean time=1.44e+03
0.297 0.382 0.0474 0.0161 0.0852 Aspartate_sd

53.9 43.9 2.16 -1.27 1.35 0.0938 -0.0851 Citrate_mean time=1.44e+03
1.64 1.43 0.194 0.102 0.0713 0.0236 0.00685 Citrate_sd

32.4 63.6 2.98 0.79 Glutamate2-4_mean time=1.44e+03
0.465 0.432 0.0281 0.448 Glutamate2-4_sd

24.3 74.6 0.479 0.782 -0.124 Glutamate2-5_mean time=1.44e+03
0.522 0.5 0.177 0.0107 0.00172 Glutamate2-5_sd

30.2 70.3 -0.223 -1.55 1.24 Malate_mean time=1.44e+03
0.144 0.323 0.155 0.0636 0.0573 Malate_sd

 13C%: [3-C13]-Glutamine, fraction: 1
Glutamin m0=0 t=0
tracer=Glutamin
Asp m0=0.282 t=1.44e+03
Cit m0=0.539 t=1.44e+03
Glutamate2-4 no metabolite match?!?!?!
Glutamate2-5 m0=0.243 t=1.44e+03
Mal m0=0.302 t=1.44e+03
ngl:8.64; nlac:0.807; nglu:0.101; ngln:2.92; nrna:0.25; nglycog:3; npro:0.0001; nasp:0.005; nala:0.4; nser:0.4; nagl:1; npyrm:0.0041; ncoa:5.77; ncoac:0.007; ngly:0.4; noa:0.000462; noac:0.000301; ncit:0.116; nakg:0.0195; nfum:0.089; nmal:0.295; nfbp:0.0881; nt3:0.0751; npep:0.0048; npyr:0.0627; ncthf:0.5; ncitc:0.0951; nakgc:0.0112; ne4:0.00617; nh6:0.00805; ns7:0.0613; np5:7.22e-05; atp:0.519; nad:0.952; 
Warning: empty y range [0.0001:0.0001], adjusting to [9.9e-05:0.000101]
Warning: empty y range [0.4:0.4], adjusting to [0.396:0.404]
Warning: empty y range [0.4:0.4], adjusting to [0.396:0.404]
Warning: empty y range [2.915:2.915], adjusting to [2.88585:2.94415]
Warning: empty y range [0.005:0.005], adjusting to [0.00495:0.00505]
Warning: empty y range [3:3], adjusting to [2.97:3.03]
ngl:8.64; nlac:0.807; nglu:0.101; ngln:2.92; nrna:0.25; nglycog:3; npro:0.0001; nasp:0.005; nala:0.4; nser:0.4; nagl:1; npyrm:0.0233; ncoa:0.0621; ncoac:0.007; ngly:0.4; noa:0.174; noac:0.00712; ncit:0.7; nakg:0.2; nfum:0.419; nmal:0.2; nfbp:1.42; nt3:0.207; npep:0.0331; npyr:0.13; ncthf:0.5; ncitc:0.0566; nakgc:0.0119; ne4:0.0271; nh6:0.101; ns7:0.042; np5:0.000722; atp:0.52; nad:0.889; 
 Σxi²=124
        **Metab   *   init    Final :    exper -> xi²

         Asp_m0:         1    0.333 :   0.282 -> 26
         Cit_m0:         1    0.506 :   0.539 -> 4.01
Glutamate2-5_m0:         1    0.247 :   0.243 -> 0.137
         Mal_m0:         1    0.288 :   0.302 -> 2.01

        Gluc_c:      8.64     4.97**    5.28 -> 0.353
    Glutamin_c:      2.92     2.68**    2.17 -> 5.5
         Lac_c:     0.807     9.06**    7.85 -> 2.38
Glutamate2-5_c:     0.101   0.0425**     0.5 -> 83.7
File saved: 250002: xi=124; xm=14.1; time=2.75
99
0 1 2 3 4 5 6 7 8 9 10 11 12 13 14 15 16 17 18 19 20 21 22 23 24 25 26 27 28 29 30 31 32 33 34 35 36 37 38 39 40 41 42 43 44 45 46 47 48 49 50 51 52 54 55 56 57 58 59 60 61 62 63 64 65 66 67 68 69 
; v[coaout]: 0.000137
N(pars)=69
39
39)39)N(pars)=68
22
22)22)N(pars)=67
37
38)38)N(pars)=66
8
8)8)N(pars)=65
50
55)55)N(pars)=64
3
3)3)N(pars)=63
4
5)5)N(pars)=62
26
30)30)N(pars)=61
28
33)33)N(pars)=60
21
25)25)N(pars)=59
37
46)46)N(pars)=58
6
9)9)N(pars)=57
31
41)41)N(pars)=56
51
65)65)N(pars)=55
2
2)2)N(pars)=54
5
10)10)N(pars)=53
36
50)50)N(pars)=52
18
26)26)N(pars)=51
7
13)13)N(pars)=50
4
7)7)N(pars)=49
29
45)45)N(pars)=48
47
69)69)N(pars)=47
11
19)19)N(pars)=46
34
56)56)N(pars)=45
42
66)66)N(pars)=44
13
23)23)N(pars)=43
21
36)36)N(pars)=42
16
29)29)N(pars)=41
17
32)32)N(pars)=40
0
0)0)N(pars)=39
31
59)59)N(pars)=38
35
64)64)N(pars)=37
29
57)57)N(pars)=36
24
48)48)N(pars)=35
34
68)68)N(pars)=34
22
44)44)N(pars)=33
14
28)28)N(pars)=32
21
47)47)N(pars)=31
8
17)17)N(pars)=30
12
27)27)N(pars)=29
19
49)49)N(pars)=28
24
61)61)N(pars)=27
12
31)31)N(pars)=26
12
34)34)N(pars)=25
6
15)15)N(pars)=24
20
60)60)N(pars)=23
17
52)52)N(pars)=22
11
35)35)N(pars)=21
0
1)1)N(pars)=20
10
37)37)N(pars)=19
2
11)11)N(pars)=18
2
12)12)N(pars)=17
1
6)6)N(pars)=16
11
54)54)N(pars)=15
0
4)4)N(pars)=14
0
14)14)N(pars)=13
11
63)63)N(pars)=12
1
18)18)N(pars)=11
10
67)67)N(pars)=10
6
43)43)N(pars)=9
1
20)20)N(pars)=8
2
24)24)N(pars)=7
4
51)51)N(pars)=6
4
58)58)N(pars)=5
2
40)40)N(pars)=4
2
42)42)N(pars)=3
1
21)21)N(pars)=2
1
62)62)N(pars)=1
0
16)16)File saved: 174: xi=124; xm=14.1; time=2.73
; v[glycogou]: 0.00013
N(pars)=69
57
58)58)N(pars)=68
64
66)66)N(pars)=67
59
61)61)N(pars)=66
35
35)35)N(pars)=65
21
21)21)N(pars)=64
0
0)0)N(pars)=63
58
64)64)N(pars)=62
61
69)69)N(pars)=61
15
16)16)N(pars)=60
55
62)62)N(pars)=59
34
38)38)N(pars)=58
53
60)60)N(pars)=57
35
40)40)N(pars)=56
50
Nn=944
cell=A549
1=ntr 34=ifn
C13]-Glucose","1,
C13]-Glutamine","
324 strok
titles - data: 17 - 17
Tracer=[3-C13]-Glutamine; Isotopomer=4; Carbons=5; Labels=1; Fraction=1
labmet=[3-C13]-Glutamine
tex=0 1.44e+03 
28.2 71.6 0.256 -1.31 1.22 Aspartate_mean time=1.44e+03
0.297 0.382 0.0474 0.0161 0.0852 Aspartate_sd

53.9 43.9 2.16 -1.27 1.35 0.0938 -0.0851 Citrate_mean time=1.44e+03
1.64 1.43 0.194 0.102 0.0713 0.0236 0.00685 Citrate_sd

32.4 63.6 2.98 0.79 Glutamate2-4_mean time=1.44e+03
0.465 0.432 0.0281 0.448 Glutamate2-4_sd

24.3 74.6 0.479 0.782 -0.124 Glutamate2-5_mean time=1.44e+03
0.522 0.5 0.177 0.0107 0.00172 Glutamate2-5_sd

30.2 70.3 -0.223 -1.55 1.24 Malate_mean time=1.44e+03
0.144 0.323 0.155 0.0636 0.0573 Malate_sd

 13C%: [3-C13]-Glutamine, fraction: 1
Glutamin m0=0 t=0
tracer=Glutamin
Asp m0=0.282 t=1.44e+03
Cit m0=0.539 t=1.44e+03
Glutamate2-4 no metabolite match?!?!?!
Glutamate2-5 m0=0.243 t=1.44e+03
Mal m0=0.302 t=1.44e+03
ngl:8.64; nlac:0.807; nglu:0.101; ngln:2.92; nrna:0.25; nglycog:3; npro:0.0001; nasp:0.005; nala:0.4; nser:0.4; nagl:1; npyrm:0.0041; ncoa:5.77; ncoac:0.007; ngly:0.4; noa:0.000462; noac:0.000301; ncit:0.116; nakg:0.0195; nfum:0.089; nmal:0.295; nfbp:0.0881; nt3:0.0751; npep:0.0048; npyr:0.0627; ncthf:0.5; ncitc:0.0951; nakgc:0.0112; ne4:0.00617; nh6:0.00805; ns7:0.0613; np5:7.22e-05; atp:0.519; nad:0.952; 
Warning: empty y range [0.0001:0.0001], adjusting to [9.9e-05:0.000101]
Warning: empty y range [0.4:0.4], adjusting to [0.396:0.404]
Warning: empty y range [0.4:0.4], adjusting to [0.396:0.404]
Warning: empty y range [2.915:2.915], adjusting to [2.88585:2.94415]
Warning: empty y range [0.005:0.005], adjusting to [0.00495:0.00505]
Warning: empty y range [3:3], adjusting to [2.97:3.03]
ngl:8.64; nlac:0.807; nglu:0.101; ngln:2.92; nrna:0.25; nglycog:3; npro:0.0001; nasp:0.005; nala:0.4; nser:0.4; nagl:1; npyrm:0.0233; ncoa:0.0621; ncoac:0.007; ngly:0.4; noa:0.174; noac:0.00712; ncit:0.7; nakg:0.2; nfum:0.419; nmal:0.2; nfbp:1.42; nt3:0.207; npep:0.0331; npyr:0.13; ncthf:0.5; ncitc:0.0566; nakgc:0.0119; ne4:0.0271; nh6:0.101; ns7:0.042; np5:0.000722; atp:0.52; nad:0.889; 
 Σxi²=124
        **Metab   *   init    Final :    exper -> xi²

         Asp_m0:         1    0.333 :   0.282 -> 26
         Cit_m0:         1    0.506 :   0.539 -> 4.01
Glutamate2-5_m0:         1    0.247 :   0.243 -> 0.137
         Mal_m0:         1    0.288 :   0.302 -> 2.01

        Gluc_c:      8.64     4.97**    5.28 -> 0.353
    Glutamin_c:      2.92     2.68**    2.17 -> 5.5
         Lac_c:     0.807     9.06**    7.85 -> 2.38
Glutamate2-5_c:     0.101   0.0425**     0.5 -> 83.7
File saved: 250002: xi=124; xm=14.1; time=2.77
99
0 1 2 3 4 5 6 7 8 9 10 11 12 13 14 15 16 17 18 19 20 21 22 23 24 25 26 27 28 29 30 31 32 33 34 35 36 37 38 39 40 41 42 43 44 45 46 47 48 49 50 51 52 54 55 56 57 58 59 60 61 62 63 64 65 66 67 68 69 
; v[fbpase]: 0.00156
N(pars)=69
15
15)15)N(pars)=68
52
54)54)N(pars)=67
18
19)19)N(pars)=66
47
49)49)N(pars)=65
2
2)2)N(pars)=64
10
11)11)N(pars)=63
56
63)63)N(pars)=62
40
44)44)N(pars)=61
51
59)59)File saved: 34: xi=124; xm=13.4; time=2.72
59)N(pars)=60
10
12)12)N(pars)=59
44
51)51)N(pars)=58
46
56)56)N(pars)=57
18
23)23)N(pars)=56
15
20)20)N(pars)=55
14
18)18)N(pars)=54
34
42)42)N(pars)=53
10
13)13)N(pars)=52
15
24)24)N(pars)=51
22
32)32)N(pars)=50
15
25)25)N(pars)=49
3
4)4)N(pars)=48
16
28)28)N(pars)=47
18
31)31)N(pars)=46
5
7)7)N(pars)=45
38
62)62)N(pars)=44
33
55)55)N(pars)=43
22
38)38)N(pars)=42
34
60)60)N(pars)=41
24
41)41)N(pars)=40
23
40)40)N(pars)=39
21
37)37)N(pars)=38
13
26)26)N(pars)=37
3
5)5)N(pars)=36
26
52)52)N(pars)=35
29
64)64)N(pars)=34
4
8)8)N(pars)=33
7
16)16)N(pars)=32
15
35)35)N(pars)=31
23
57)57)N(pars)=30
21
48)48)N(pars)=29
22
58)58)N(pars)=28
17
43)43)N(pars)=27
26
69)69)N(pars)=26
1
1)1)N(pars)=25
10
29)29)N(pars)=24
13
36)36)N(pars)=23
10
30)30)N(pars)=22
13
45)45)N(pars)=21
14
47)47)N(pars)=20
18
67)67)N(pars)=19
9
27)27)N(pars)=18
14
61)61)N(pars)=17
9
33)33)N(pars)=16
7
21)21)N(pars)=15
1
3)3)N(pars)=14
3
10)10)N(pars)=13
11
66)66)N(pars)=12
5
22)22)File saved: 35: xi=124; xm=13.4; time=2.7
22)N(pars)=11
4
17)17)N(pars)=10
6
46)46)N(pars)=9
8
68)68)N(pars)=8
1
6)File saved: 36: xi=124; xm=13.4; time=2.7
6)File saved: 37: xi=124; xm=13.4; time=2.69
6)File saved: 38: xi=124; xm=13.4; time=2.68
6)File saved: 39: xi=124; xm=13.4; time=2.68
6)File saved: 40: xi=124; xm=13.4; time=2.67
6)File saved: 41: xi=124; xm=13.3; time=2.66
6)6)N(pars)=7
6
65)File saved: 42: xi=124; xm=13.3; time=2.66
65)65)N(pars)=6
0
0)0)N(pars)=5
4
50)50)File saved: 43: xi=124; xm=13.3; time=2.66
50)N(pars)=4
1
14)14)N(pars)=3
1
34)34)N(pars)=2
1
39)39)N(pars)=1
0
9)9)N(pars)=10
4
6)6)N(pars)=9
4
6)File saved: 44: xi=124; xm=13.3; time=2.65
6)6)N(pars)=8
6
65)65)N(pars)=7
1
22)22)N(pars)=6
1
6)6)N(pars)=5
3
6)6)N(pars)=4
2
6)File saved: 45: xi=124; xm=13.3; time=2.65
6)File saved: 46: xi=124; xm=13.3; time=2.65
6)6)N(pars)=3
0
59)59)N(pars)=2
0
6)6)N(pars)=1
0
50)50)File saved: 47: xi=124; xm=14.1; time=2.76
; v[akgdmc]: 0.00122
N(pars)=69
56
57)57)N(pars)=68
10
10)10)N(pars)=67
58
61)61)N(pars)=66
1
1)1)N(pars)=65
13
15)15)N(pars)=64
30
33)33)N(pars)=63
27
30)30)N(pars)=62
30
35)35)N(pars)=61
5
6)6)N(pars)=60
50
59)59)N(pars)=59
39
46)46)N(pars)=58
27
32)32)N(pars)=57
36
44)44)N(pars)=56
9
12)12)N(pars)=55
49
64)64)N(pars)=54
36
47)47)N(pars)=53
48
65)65)N(pars)=52
10
14)14)N(pars)=51
29
39)39)N(pars)=50
5
7)7)N(pars)=49
19
26)26)N(pars)=48
37
54)54)N(pars)=47
15
22)22)N(pars)=46
42
66)66)N(pars)=45
15
23)23)N(pars)=44
36
56)56)N(pars)=43
16
25)25)N(pars)=42
28
45)45)N(pars)=41
20
34)34)N(pars)=40
19
31)31)N(pars)=39
0
0)0)N(pars)=38
6
11)11)N(pars)=37
20
40)40)N(pars)=36
24
49)49)N(pars)=35
6
13)13)N(pars)=34
6
16)16)N(pars)=33
29
63)63)N(pars)=32
13
28)28)N(pars)=31
3
5)5)N(pars)=30
7
19)19)N(pars)=29
27
68)68)N(pars)=28
5
17)17)N(pars)=27
25
67)67)N(pars)=26
17
48)48)N(pars)=25
11
36)36)N(pars)=24
5
18)18)N(pars)=23
14
43)43)N(pars)=22
3
8)8)N(pars)=21
6
24)24)N(pars)=20
15
55)55)N(pars)=19
9
38)38)N(pars)=18
10
42)42)N(pars)=17
0
2)2)N(pars)=16
5
27)27)N(pars)=15
8
50)50)N(pars)=14
13
69)69)N(pars)=13
8
51)51)N(pars)=12
8
52)52)N(pars)=11
1
4)4)N(pars)=10
3
21)21)N(pars)=9
8
62)62)N(pars)=8
7
60)60)N(pars)=7
3
29)29)N(pars)=6
1
9)9)N(pars)=5
1
20)20)N(pars)=4
3
58)58)N(pars)=3
2
41)41)N(pars)=2
1
37)37)N(pars)=1
0
3)3)File saved: 48: xi=124; xm=13.3; time=2.69
; v[glyser]: 0.00365
N(pars)=69
36
36)36)N(pars)=68
16
16)16)N(pars)=67
29
30)30)N(pars)=66
62
66)66)N(pars)=65
37
40)40)N(pars)=64
43
47)File saved: 49: xi=124; xm=13.3; time=2.65
47)47)N(pars)=63
53
59)59)N(pars)=62
4
4)4)File saved: 50: xi=124; xm=13.3; time=2.64
4)N(pars)=61
56
64)64)N(pars)=60
3
3)3)N(pars)=59
16
19)19)N(pars)=58
0
0)0)N(pars)=57
26
32)32)N(pars)=56
32
41)41)N(pars)=55
6
9)9)N(pars)=54
13
18)18)N(pars)=53
1
2)2)N(pars)=52
30
43)43)N(pars)=51
7
12)12)N(pars)=50
9
15)15)N(pars)=49
11
21)21)N(pars)=48
10
20)20)N(pars)=47
19
33)33)N(pars)=46
7
13)13)N(pars)=45
18
34)34)N(pars)=44
16
29)29)N(pars)=43
29
52)52)N(pars)=42
3
7)7)N(pars)=41
2
6)6)N(pars)=40
35
63)63)N(pars)=39
7
22)22)N(pars)=38
5
14)14)N(pars)=37
25
54)54)N(pars)=36
6
23)23)N(pars)=35
31
65)65)N(pars)=34
30
62)62)N(pars)=33
16
42)42)N(pars)=32
15
39)39)N(pars)=31
30
69)69)N(pars)=30
20
50)50)N(pars)=29
27
67)67)N(pars)=28
14
38)38)N(pars)=27
1
5)5)N(pars)=26
7
26)26)N(pars)=25
19
56)56)N(pars)=24
12
44)44)N(pars)=23
10
35)35)N(pars)=22
21
68)68)N(pars)=21
9
31)File saved: 51: xi=124; xm=13.3; time=2.64
31)31)N(pars)=20
9
37)37)N(pars)=19
10
46)46)N(pars)=18
8
28)28)N(pars)=17
14
58)58)N(pars)=16
1
8)8)N(pars)=15
11
55)55)N(pars)=14
13
61)61)N(pars)=13
7
45)45)N(pars)=12
10
57)57)N(pars)=11
0
1)1)N(pars)=10
1
11)11)N(pars)=9
7
51)51)N(pars)=8
6
49)49)N(pars)=7
0
10)10)N(pars)=6
4
48)48)N(pars)=5
3
27)27)N(pars)=4
2
25)25)N(pars)=3
1
24)24)N(pars)=2
1
60)60)N(pars)=1
0
17)17)N(pars)=3
0
47)47)N(pars)=2
1
31)31)N(pars)=1
0
4)4)File saved: 52: xi=124; xm=13.3; time=2.65
; v[asp_o]: 0.00034
N(pars)=69
19
19)19)File saved: 53: xi=125; xm=13.2; time=2.64
19)N(pars)=68
66
68)68)N(pars)=67
22
23)23)N(pars)=66
47
49)49)N(pars)=65
14
14)14)N(pars)=64
24
27)27)N(pars)=63
18
20)20)N(pars)=62
43
48)48)File saved: 54: xi=125; xm=13.2; time=2.64
48)N(pars)=61
9
9)9)N(pars)=60
8
8)8)N(pars)=59
4
4)4)N(pars)=58
55
66)66)N(pars)=57
29
37)37)N(pars)=56
4
5)5)N(pars)=55
15
22)22)N(pars)=54
52
67)67)N(pars)=53
12
17)17)N(pars)=52
0
0)0)N(pars)=51
2
3)3)N(pars)=50
25
39)39)N(pars)=49
7
13)13)N(pars)=48
19
33)33)N(pars)=47
6
12)12)N(pars)=46
24
42)42)N(pars)=45
11
25)25)N(pars)=44
43
69)69)N(pars)=43
13
29)29)N(pars)=42
5
11)11)N(pars)=41
14
32)32)File saved: 55: xi=125; xm=13.1; time=2.64
32)N(pars)=40
4
10)10)N(pars)=39
34
61)61)N(pars)=38
37
65)65)N(pars)=37
9
26)26)File saved: 56: xi=125; xm=13.1; time=2.64
26)N(pars)=36
16
40)40)N(pars)=35
1
2)2)N(pars)=34
8
28)28)N(pars)=33
22
52)52)N(pars)=32
2
7)7)N(pars)=31
23
56)56)N(pars)=30
1
6)6)N(pars)=29
6
30)30)N(pars)=28
0
1)File saved: 57: xi=125; xm=13.1; time=2.63
1)1)N(pars)=27
24
62)62)N(pars)=26
5
31)31)N(pars)=25
23
63)63)N(pars)=24
9
41)41)N(pars)=23
7
36)36)N(pars)=22
5
34)34)N(pars)=21
18
59)59)N(pars)=20
4
24)24)N(pars)=19
16
58)58)N(pars)=18
16
60)60)N(pars)=17
15
57)57)N(pars)=16
9
46)46)N(pars)=15
11
51)51)N(pars)=14
12
55)55)N(pars)=13
10
50)50)N(pars)=12
10
54)54)N(pars)=11
8
45)45)N(pars)=10
3
21)21)N(pars)=9
4
38)38)N(pars)=8
1
16)16)N(pars)=7
0
15)15)N(pars)=6
1
35)35)N(pars)=5
1
43)43)N(pars)=4
1
44)44)N(pars)=3
1
47)47)N(pars)=2
0
18)18)N(pars)=1
0
64)64)N(pars)=5
0
19)19)N(pars)=4
3
1)1)N(pars)=3
2
26)26)N(pars)=2
1
32)32)N(pars)=1
0
48)48)File saved: 58: xi=124; xm=13.3; time=2.67
; v[sergly]: 0.000259
N(pars)=69
64
65)65)N(pars)=68
67
69)69)N(pars)=67
57
58)58)N(pars)=66
51
51)51)N(pars)=65
56
59)59)File saved: 59: xi=125; xm=12.5; time=2.64
59)N(pars)=64
4
4)4)N(pars)=63
19
20)20)N(pars)=62
10
11)11)N(pars)=61
21
24)24)N(pars)=60
1
1)File saved: 60: xi=125; xm=12.5; time=2.64
1)1)N(pars)=59
30
35)35)N(pars)=58
12
15)15)N(pars)=57
29
36)36)N(pars)=56
51
63)63)N(pars)=55
21
27)27)N(pars)=54
4
6)6)N(pars)=53
25
33)33)N(pars)=52
6
9)9)N(pars)=51
29
41)41)N(pars)=50
47
66)66)N(pars)=49
18
26)26)N(pars)=48
34
48)48)File saved: 61: xi=125; xm=12.5; time=2.64
48)N(pars)=47
10
16)16)N(pars)=46
38
56)56)N(pars)=45
36
54)54)N(pars)=44
29
44)44)N(pars)=43
4
7)7)N(pars)=42
22
37)37)N(pars)=41
26
43)43)N(pars)=40
5
10)10)N(pars)=39
25
45)45)N(pars)=38
0
0)0)N(pars)=37
10
21)21)N(pars)=36
7
17)17)N(pars)=35
27
55)55)N(pars)=34
17
34)34)N(pars)=33
28
61)61)N(pars)=32
0
2)2)File saved: 62: xi=125; xm=12.5; time=2.63
2)N(pars)=31
30
68)68)N(pars)=30
5
14)14)N(pars)=29
4
13)13)N(pars)=28
23
57)57)N(pars)=27
22
52)52)N(pars)=26
7
23)23)N(pars)=25
14
39)39)N(pars)=24
19
50)50)N(pars)=23
3
12)12)N(pars)=22
11
32)32)N(pars)=21
9
30)30)N(pars)=20
14
47)47)N(pars)=19
10
38)38)N(pars)=18
9
31)31)N(pars)=17
11
46)46)N(pars)=16
0
3)3)N(pars)=15
12
62)62)N(pars)=14
0
5)5)N(pars)=13
5
28)28)N(pars)=12
0
8)8)N(pars)=11
6
42)42)N(pars)=10
6
49)49)N(pars)=9
8
67)67)N(pars)=8
6
60)60)N(pars)=7
0
18)18)N(pars)=6
3
29)29)N(pars)=5
0
19)19)N(pars)=4
2
40)40)N(pars)=3
2
64)64)N(pars)=2
0
22)22)File saved: 63: xi=125; xm=12.5; time=2.62
22)N(pars)=1
0
25)25)N(pars)=5
3
2)2)File saved: 64: xi=125; xm=12.5; time=2.62
2)N(pars)=4
3
22)22)N(pars)=3
1
1)1)N(pars)=2
0
59)59)N(pars)=1
0
48)48)File saved: 65: xi=125; xm=13.1; time=2.64
; v[citakg]: 0.025
N(pars)=69
50
50)50)N(pars)=68
58
60)File saved: 66: xi=125; xm=12.5; time=2.62
60)60)N(pars)=67
45
45)45)File saved: 67: xi=125; xm=12.4; time=2.62
45)N(pars)=66
54
57)57)N(pars)=65
21
21)21)File saved: 68: xi=125; xm=12.4; time=2.62
21)N(pars)=64
16
16)16)N(pars)=63
14
14)14)N(pars)=62
29
32)32)N(pars)=61
45
51)51)N(pars)=60
45
52)52)N(pars)=59
42
47)47)N(pars)=58
7
7)7)File saved: 69: xi=125; xm=12.4; time=2.61
7)N(pars)=57
37
42)42)N(pars)=56
27
31)File saved: 70: xi=125; xm=12.4; time=2.61
31)31)N(pars)=55
45
59)59)N(pars)=54
38
46)46)N(pars)=53
34
40)40)N(pars)=52
37
48)48)File saved: 71: xi=125; xm=12.4; time=2.61
48)N(pars)=51
27
33)33)N(pars)=50
10
11)11)N(pars)=49
17
22)22)N(pars)=48
10
12)12)N(pars)=47
42
65)65)N(pars)=46
17
24)24)N(pars)=45
13
18)18)N(pars)=44
4
4)4)File saved: 72: xi=125; xm=12.4; time=2.61
4)N(pars)=43
17
27)27)N(pars)=42
39
67)67)N(pars)=41
21
35)35)N(pars)=40
23
38)38)N(pars)=39
34
63)63)N(pars)=38
37
69)69)N(pars)=37
18
29)29)N(pars)=36
25
44)44)N(pars)=35
20
36)36)N(pars)=34
23
43)43)N(pars)=33
4
5)5)N(pars)=32
31
68)68)N(pars)=31
12
20)20)N(pars)=30
18
37)37)N(pars)=29
22
55)55)N(pars)=28
16
30)30)N(pars)=27
2
2)2)N(pars)=26
6
10)10)N(pars)=25
5
9)9)N(pars)=24
8
19)19)N(pars)=23
17
56)56)N(pars)=22
12
34)34)N(pars)=21
0
0)0)N(pars)=20
0
1)1)N(pars)=19
3
13)13)N(pars)=18
2
8)8)N(pars)=17
9
41)41)N(pars)=16
12
61)61)N(pars)=15
10
54)54)N(pars)=14
8
39)39)N(pars)=13
12
66)66)N(pars)=12
1
6)6)N(pars)=11
1
15)15)N(pars)=10
5
28)28)N(pars)=9
0
3)3)N(pars)=8
1
23)23)N(pars)=7
3
49)49)N(pars)=6
4
62)62)N(pars)=5
3
58)58)N(pars)=4
2
26)26)N(pars)=3
2
64)64)N(pars)=2
1
25)25)N(pars)=1
0
17)17)N(pars)=7
6
4)4)N(pars)=6
1
45)45)N(pars)=5
2
7)7)N(pars)=4
2
31)31)N(pars)=3
1
21)21)N(pars)=2
1
48)48)N(pars)=1
0
60)60)File saved: 73: xi=125; xm=12.5; time=2.62
; v[malicc]: 0.0112
N(pars)=69
44
44)44)N(pars)=68
21
21)21)N(pars)=67
10
10)10)N(pars)=66
64
68)68)N(pars)=65
39
41)41)N(pars)=64
7
7)7)N(pars)=63
61
67)67)N(pars)=62
46
51)51)N(pars)=61
30
33)33)N(pars)=60
39
45)45)N(pars)=59
4
4)4)N(pars)=58
34
39)39)N(pars)=57
41
50)50)N(pars)=56
45
57)57)N(pars)=55
46
59)59)N(pars)=54
49
63)63)N(pars)=53
49
64)64)N(pars)=52
5
6)6)N(pars)=51
31
37)37)N(pars)=50
36
47)47)N(pars)=49
44
61)61)N(pars)=48
2
2)2)N(pars)=47
29
36)36)N(pars)=46
30
40)40)N(pars)=45
40
60)60)N(pars)=44
39
58)58)N(pars)=43
24
30)30)N(pars)=42
0
0)0)N(pars)=41
13
19)19)N(pars)=40
14
22)22)N(pars)=39
19
28)28)N(pars)=38
6
12)12)N(pars)=37
18
29)29)N(pars)=36
16
26)26)N(pars)=35
13
23)23)N(pars)=34
9
16)16)N(pars)=33
20
42)42)N(pars)=32
17
34)34)N(pars)=31
22
49)49)N(pars)=30
26
62)62)N(pars)=29
2
5)5)N(pars)=28
7
15)15)N(pars)=27
2
8)8)N(pars)=26
11
27)27)N(pars)=25
16
46)46)N(pars)=24
1
3)3)N(pars)=23
19
56)56)N(pars)=22
1
9)9)N(pars)=21
14
48)48)N(pars)=20
6
20)20)N(pars)=19
4
17)17)N(pars)=18
3
14)14)N(pars)=17
4
24)24)N(pars)=16
1
11)11)N(pars)=15
5
32)32)N(pars)=14
4
31)31)N(pars)=13
0
1)1)N(pars)=12
2
25)25)N(pars)=11
9
66)66)N(pars)=10
2
35)35)N(pars)=9
4
52)52)N(pars)=8
6
65)65)N(pars)=7
6
69)69)N(pars)=6
0
13)13)N(pars)=5
2
43)43)N(pars)=4
1
38)38)N(pars)=3
0
18)18)N(pars)=2
0
54)54)N(pars)=1
0
55)55)File saved: 74: xi=125; xm=12.4; time=2.63
; v[gluin]: 0.00388
N(pars)=69
47
47)47)N(pars)=68
27
27)27)N(pars)=67
15
15)15)N(pars)=66
40
42)42)N(pars)=65
40
43)43)N(pars)=64
46
51)51)N(pars)=63
57
64)64)N(pars)=62
46
52)52)N(pars)=61
13
13)13)N(pars)=60
35
38)38)N(pars)=59
16
18)18)N(pars)=58
9
9)9)N(pars)=57
12
14)14)N(pars)=56
45
58)58)N(pars)=55
4
4)4)N(pars)=54
51
67)67)N(pars)=53
36
46)46)N(pars)=52
47
63)63)N(pars)=51
6
7)7)N(pars)=50
35
48)48)N(pars)=49
23
31)31)N(pars)=48
8
11)11)N(pars)=47
29
40)40)N(pars)=46
16
24)24)N(pars)=45
11
19)19)N(pars)=44
24
36)36)N(pars)=43
15
25)25)N(pars)=42
27
45)45)N(pars)=41
39
68)68)N(pars)=40
13
22)22)N(pars)=39
2
2)2)N(pars)=38
14
28)28)N(pars)=37
32
61)61)N(pars)=36
6
10)10)N(pars)=35
16
33)33)N(pars)=34
8
17)17)N(pars)=33
14
32)32)N(pars)=32
25
57)57)N(pars)=31
15
35)35)N(pars)=30
28
66)66)N(pars)=29
10
23)23)N(pars)=28
19
50)50)N(pars)=27
8
20)20)N(pars)=26
5
8)8)N(pars)=25
14
41)41)N(pars)=24
22
65)65)N(pars)=23
5
12)12)N(pars)=22
7
26)26)N(pars)=21
19
62)62)N(pars)=20
8
30)30)N(pars)=19
14
55)55)N(pars)=18
15
59)59)File saved: 75: xi=187; xm=12.1; time=2.43
59)File saved: 76: xi=184; xm=11.6; time=2.42
59)File saved: 77: xi=181; xm=11.1; time=2.43
59)File saved: 78: xi=178; xm=10.6; time=2.42
59)File saved: 79: xi=175; xm=10.1; time=2.42
59)File saved: 80: xi=173; xm=9.7; time=2.42
59)File saved: 81: xi=171; xm=9.31; time=2.42
59)File saved: 82: xi=169; xm=8.94; time=2.42
59)File saved: 83: xi=167; xm=8.59; time=2.43
59)File saved: 84: xi=166; xm=8.27; time=2.42
59)File saved: 85: xi=164; xm=7.97; time=2.42
59)File saved: 86: xi=163; xm=7.69; time=2.42
59)File saved: 87: xi=162; xm=7.42; time=2.41
59)File saved: 88: xi=161; xm=7.17; time=2.41
59)File saved: 89: xi=161; xm=6.94; time=2.42
59)File saved: 90: xi=160; xm=6.73; time=2.42
59)File saved: 91: xi=160; xm=6.52; time=2.42
59)File saved: 92: xi=159; xm=6.33; time=2.42
59)N(pars)=17
6
21)21)File saved: 93: xi=159; xm=6.33; time=2.42
21)N(pars)=16
6
29)29)N(pars)=15
4
6)6)N(pars)=14
10
54)54)N(pars)=13
11
60)60)N(pars)=12
6
37)File saved: 94: xi=147; xm=6.23; time=2.49
37)37)N(pars)=11
8
49)49)N(pars)=10
2
3)3)N(pars)=9
1
1)File saved: 95: xi=147; xm=6.22; time=2.47
1)1)N(pars)=8
4
39)39)N(pars)=7
1
5)5)N(pars)=6
0
0)0)N(pars)=5
3
56)56)N(pars)=4
0
16)16)N(pars)=3
0
34)34)N(pars)=2
1
69)69)N(pars)=1
0
44)44)N(pars)=21
19
37)37)N(pars)=20
14
59)59)N(pars)=19
8
59)59)N(pars)=18
3
59)59)N(pars)=17
5
59)59)N(pars)=16
13
59)59)N(pars)=15
13
21)21)N(pars)=14
5
59)59)N(pars)=13
0
59)59)N(pars)=12
9
59)59)N(pars)=11
3
59)59)N(pars)=10
3
59)59)N(pars)=9
8
1)1)N(pars)=8
2
59)59)N(pars)=7
4
59)59)N(pars)=6
3
59)59)N(pars)=5
3
59)59)N(pars)=4
1
59)59)N(pars)=3
1
59)59)N(pars)=2
1
59)59)N(pars)=1
0
59)59)File saved: 96: xi=125; xm=12.4; time=2.62
; v[t3ser]: 1.33e-05
N(pars)=69
15
15)15)N(pars)=68
20
21)21)N(pars)=67
41
43)43)N(pars)=66
4
4)4)N(pars)=65
39
42)42)N(pars)=64
33
36)36)N(pars)=63
56
63)63)N(pars)=62
42
48)48)N(pars)=61
15
17)17)N(pars)=60
46
55)55)N(pars)=59
41
49)49)N(pars)=58
2
2)2)N(pars)=57
22
27)27)N(pars)=56
26
32)32)N(pars)=55
23
29)29)N(pars)=54
7
9)9)N(pars)=53
48
65)65)N(pars)=52
18
24)File saved: 97: xi=138; xm=6.14; time=2.6
24)File saved: 98: xi=130; xm=6.06; time=2.73
24)24)N(pars)=51
8
11)11)File saved: 99: xi=130; xm=6.06; time=2.72
11)N(pars)=50
8
12)12)N(pars)=49
46
67)67)N(pars)=48
7
10)10)N(pars)=47
17
28)28)N(pars)=46
13
22)22)N(pars)=45
36
58)58)File saved: 100: xi=130; xm=6.06; time=2.72
58)N(pars)=44
9
16)16)N(pars)=43
11
20)20)N(pars)=42
40
68)68)N(pars)=41
10
19)19)N(pars)=40
35
61)61)File saved: 101: xi=130; xm=6.06; time=2.72
61)File saved: 102: xi=130; xm=6.05; time=2.71
61)N(pars)=39
38
Nn=944
cell=A549
1=ntr 12=ifn
C13]-Glucose","1,
C13]-Glutamine","
324 strok
titles - data: 17 - 17
Tracer=[3-C13]-Glutamine; Isotopomer=4; Carbons=5; Labels=1; Fraction=1
labmet=[3-C13]-Glutamine
tex=0 1.44e+03 
28.2 71.6 0.256 -1.31 1.22 Aspartate_mean time=1.44e+03
0.297 0.382 0.0474 0.0161 0.0852 Aspartate_sd

53.9 43.9 2.16 -1.27 1.35 0.0938 -0.0851 Citrate_mean time=1.44e+03
1.64 1.43 0.194 0.102 0.0713 0.0236 0.00685 Citrate_sd

32.4 63.6 2.98 0.79 Glutamate2-4_mean time=1.44e+03
0.465 0.432 0.0281 0.448 Glutamate2-4_sd

24.3 74.6 0.479 0.782 -0.124 Glutamate2-5_mean time=1.44e+03
0.522 0.5 0.177 0.0107 0.00172 Glutamate2-5_sd

30.2 70.3 -0.223 -1.55 1.24 Malate_mean time=1.44e+03
0.144 0.323 0.155 0.0636 0.0573 Malate_sd

 13C%: [3-C13]-Glutamine, fraction: 1
Glutamin m0=0 t=0
tracer=Glutamin
Asp m0=0.282 t=1.44e+03
Cit m0=0.539 t=1.44e+03
Glutamate2-4 no metabolite match?!?!?!
Glutamate2-5 m0=0.243 t=1.44e+03
Mal m0=0.302 t=1.44e+03
ngl:8.64; nlac:0.807; nglu:0.101; ngln:2.92; nrna:0.25; nglycog:3; npro:0.0001; nasp:0.005; nala:0.4; nser:0.4; nagl:1; npyrm:0.00351; ncoa:3.32; ncoac:0.007; ngly:0.4; noa:0.000463; noac:0.000288; ncit:0.114; nakg:0.0191; nfum:0.103; nmal:0.239; nfbp:0.0912; nt3:0.076; npep:0.00418; npyr:0.0477; ncthf:0.5; ncitc:0.0309; nakgc:0.0108; ne4:0.00576; nh6:0.00777; ns7:0.0616; np5:4.92e-05; atp:0.534; nad:0.976; 
Warning: empty y range [0.0001:0.0001], adjusting to [9.9e-05:0.000101]
Warning: empty y range [0.4:0.4], adjusting to [0.396:0.404]
Warning: empty y range [0.4:0.4], adjusting to [0.396:0.404]
Warning: empty y range [2.915:2.915], adjusting to [2.88585:2.94415]
Warning: empty y range [0.005:0.005], adjusting to [0.00495:0.00505]
Warning: empty y range [3:3], adjusting to [2.97:3.03]
ngl:8.64; nlac:0.807; nglu:0.101; ngln:2.92; nrna:0.25; nglycog:3; npro:0.0001; nasp:0.005; nala:0.4; nser:0.4; nagl:1; npyrm:0.0233; ncoa:0.0621; ncoac:0.007; ngly:0.4; noa:0.174; noac:0.00712; ncit:0.7; nakg:0.2; nfum:0.419; nmal:0.2; nfbp:1.42; nt3:0.207; npep:0.0331; npyr:0.13; ncthf:0.5; ncitc:0.0566; nakgc:0.0119; ne4:0.0271; nh6:0.101; ns7:0.042; np5:0.000722; atp:0.52; nad:0.889; 
 Σxi²=107
        **Metab   *   init    Final :    exper -> xi²

         Asp_m0:         1    0.307 :   0.282 -> 6.13
         Cit_m0:         1    0.482 :   0.539 -> 11.9
Glutamate2-5_m0:         1    0.238 :   0.243 -> 0.269
         Mal_m0:         1    0.278 :   0.302 -> 5.57

        Gluc_c:      8.64     4.97**    5.28 -> 0.353
    Glutamin_c:      2.92     2.61**    2.17 -> 4.22
         Lac_c:     0.807     9.15**    7.85 -> 2.73
Glutamate2-5_c:     0.101   0.0631**     0.5 -> 76.3
File saved: 250002: xi=107; xm=9.62; time=2.96
99
0 1 2 3 4 5 6 7 8 9 10 11 12 13 14 15 16 17 18 19 20 21 22 23 24 25 26 27 28 29 30 31 32 33 34 35 36 37 38 39 40 41 42 43 44 45 46 47 48 49 50 51 52 54 55 56 57 58 59 60 61 62 63 64 65 66 67 68 69 
; v[fumal]: 0.846
N(pars)=69
6
6)File saved: 12: xi=112; xm=9.61; time=2.55
6)6)N(pars)=68
61
63)63)N(pars)=67
42
43)File saved: 13: xi=112; xm=9.61; time=2.55
43)43)N(pars)=66
60
64)64)N(pars)=65
52
55)55)N(pars)=64
59
65)65)N(pars)=63
30
31)31)N(pars)=62
46
49)49)N(pars)=61
1
1)1)N(pars)=60
17
19)19)N(pars)=59
27
30)30)N(pars)=58
7
9)9)N(pars)=57
1
2)2)N(pars)=56
52
66)66)N(pars)=55
28
35)35)N(pars)=54
33
41)41)N(pars)=53
43
56)56)N(pars)=52
11
15)15)N(pars)=51
10
14)14)N(pars)=50
42
58)File saved: 14: xi=112; xm=9.61; time=2.53
58)58)N(pars)=49
31
42)42)N(pars)=48
2
4)4)N(pars)=47
44
67)67)File saved: 15: xi=108; xm=8.86; time=2.59
67)N(pars)=46
23
33)33)N(pars)=45
1
3)3)N(pars)=44
41
62)62)N(pars)=43
3
8)8)N(pars)=42
25
39)39)N(pars)=41
9
18)18)N(pars)=40
9
20)20)N(pars)=39
26
46)46)N(pars)=38
7
16)16)N(pars)=37
29
52)52)N(pars)=36
22
40)40)N(pars)=35
33
68)68)N(pars)=34
8
21)21)N(pars)=33
17
34)34)N(pars)=32
18
37)37)N(pars)=31
13
27)27)N(pars)=30
26
59)59)N(pars)=29
2
7)7)N(pars)=28
26
61)61)N(pars)=27
24
57)57)N(pars)=26
16
38)38)N(pars)=25
24
69)69)N(pars)=24
6
17)17)N(pars)=23
20
51)51)N(pars)=22
16
45)45)N(pars)=21
18
50)50)N(pars)=20
9
25)25)N(pars)=19
18
60)60)N(pars)=18
2
10)10)N(pars)=17
5
22)22)N(pars)=16
15
54)54)N(pars)=15
14
48)48)N(pars)=14
11
36)36)N(pars)=13
5
23)23)N(pars)=12
9
32)32)N(pars)=11
0
0)0)N(pars)=10
7
29)29)N(pars)=9
3
13)13)N(pars)=8
5
28)28)N(pars)=7
6
47)47)N(pars)=6
5
44)44)N(pars)=5
0
5)5)N(pars)=4
2
24)24)N(pars)=3
2
26)26)N(pars)=2
0
11)11)N(pars)=1
0
12)12)N(pars)=4
1
43)43)N(pars)=3
0
6)File saved: 16: xi=108; xm=8.86; time=2.58
6)6)N(pars)=2
1
67)67)N(pars)=1
0
58)58)File saved: 17: xi=107; xm=9.62; time=2.98
; v[ppp]: 8.52e-05
N(pars)=69
30
30)30)N(pars)=68
50
51)51)N(pars)=67
25
25)25)N(pars)=66
23
23)23)N(pars)=65
27
29)29)N(pars)=64
25
27)27)N(pars)=63
30
35)35)N(pars)=62
48
56)56)N(pars)=61
21
21)21)N(pars)=60
56
66)66)N(pars)=59
6
6)6)N(pars)=58
14
15)15)N(pars)=57
49
61)61)N(pars)=56
55
69)69)N(pars)=55
7
8)8)N(pars)=54
31
41)41)N(pars)=53
46
60)60)N(pars)=52
28
38)38)N(pars)=51
33
45)45)N(pars)=50
43
59)59)N(pars)=49
3
3)3)N(pars)=48
35
49)49)N(pars)=47
15
19)19)File saved: 18: xi=108; xm=8.75; time=2.57
19)N(pars)=46
40
62)62)File saved: 19: xi=108; xm=8.75; time=2.57
62)N(pars)=45
3
4)4)N(pars)=44
8
12)12)N(pars)=43
17
28)28)N(pars)=42
31
50)50)N(pars)=41
4
7)7)N(pars)=40
38
67)67)N(pars)=39
21
37)37)N(pars)=38
28
48)48)N(pars)=37
17
32)32)N(pars)=36
12
20)20)N(pars)=35
1
1)1)N(pars)=34
21
43)43)N(pars)=33
29
63)63)N(pars)=32
8
16)16)N(pars)=31
10
22)22)N(pars)=30
22
52)52)N(pars)=29
5
11)11)N(pars)=28
0
0)0)N(pars)=27
26
68)68)N(pars)=26
6
17)17)N(pars)=25
15
42)42)N(pars)=24
3
10)10)N(pars)=23
1
5)5)N(pars)=22
19
58)58)N(pars)=21
0
2)2)N(pars)=20
5
26)26)N(pars)=19
15
55)55)N(pars)=18
2
14)14)File saved: 20: xi=109; xm=8.75; time=2.56
14)File saved: 21: xi=109; xm=8.74; time=2.55
14)N(pars)=17
8
39)39)N(pars)=16
5
33)33)N(pars)=15
1
13)13)N(pars)=14
3
31)31)N(pars)=13
10
57)57)N(pars)=12
1
18)18)N(pars)=11
6
46)File saved: 22: xi=109; xm=8.73; time=2.52
46)46)N(pars)=10
1
24)24)N(pars)=9
1
34)34)N(pars)=8
4
47)47)N(pars)=7
4
54)54)N(pars)=6
3
44)44)N(pars)=5
1
36)36)N(pars)=4
1
40)40)N(pars)=3
2
65)65)N(pars)=2
1
64)64)N(pars)=1
0
9)9)N(pars)=5
1
62)62)N(pars)=4
1
14)14)N(pars)=3
2
46)46)N(pars)=2
0
19)19)N(pars)=1
0
14)14)File saved: 23: xi=108; xm=8.86; time=2.6
; v[pfk]: 0.356
N(pars)=69
46
46)46)N(pars)=68
14
14)File saved: 24: xi=109; xm=8.72; time=2.54
14)14)N(pars)=67
65
68)68)N(pars)=66
9
9)9)N(pars)=65
17
19)19)N(pars)=64
30
33)File saved: 25: xi=110; xm=8.67; time=2.47
33)33)N(pars)=63
15
17)17)N(pars)=62
26
30)30)N(pars)=61
55
63)63)N(pars)=60
23
27)27)N(pars)=59
7
7)7)File saved: 26: xi=110; xm=8.67; time=2.47
7)N(pars)=58
7
8)8)N(pars)=57
37
47)47)N(pars)=56
14
20)20)N(pars)=55
39
51)51)N(pars)=54
50
65)65)N(pars)=53
21
29)29)N(pars)=52
39
54)54)N(pars)=51
7
10)10)File saved: 27: xi=109; xm=8.13; time=2.47
10)File saved: 28: xi=110; xm=7.59; time=2.45
10)N(pars)=50
1
1)1)N(pars)=49
5
6)6)N(pars)=48
16
26)26)N(pars)=47
13
23)23)N(pars)=46
11
21)21)N(pars)=45
33
55)55)N(pars)=44
30
49)49)N(pars)=43
17
34)34)N(pars)=42
14
28)28)N(pars)=41
22
41)41)N(pars)=40
27
50)50)N(pars)=39
0
0)0)N(pars)=38
32
61)61)N(pars)=37
8
16)16)N(pars)=36
20
42)42)N(pars)=35
15
36)36)N(pars)=34
24
56)56)N(pars)=33
4
11)11)N(pars)=32
25
59)59)N(pars)=31
10
25)25)N(pars)=30
18
44)44)N(pars)=29
24
62)62)N(pars)=28
19
48)48)N(pars)=27
11
32)32)N(pars)=26
9
24)24)N(pars)=25
5
13)13)N(pars)=24
10
37)37)N(pars)=23
6
18)18)N(pars)=22
20
67)67)N(pars)=21
1
3)3)N(pars)=20
2
5)5)N(pars)=19
14
58)58)N(pars)=18
6
35)35)N(pars)=17
10
45)45)N(pars)=16
8
40)40)N(pars)=15
7
39)39)N(pars)=14
1
4)4)N(pars)=13
9
60)60)N(pars)=12
6
43)43)N(pars)=11
9
66)66)N(pars)=10
7
57)57)N(pars)=9
4
31)31)N(pars)=8
5
52)52)N(pars)=7
2
15)15)N(pars)=6
0
2)2)N(pars)=5
0
12)12)N(pars)=4
1
38)38)N(pars)=3
2
69)69)N(pars)=2
0
22)22)N(pars)=1
0
64)64)N(pars)=5
0
14)14)N(pars)=4
0
33)33)N(pars)=3
0
7)7)N(pars)=2
0
10)10)N(pars)=1
0
10)10)File saved: 29: xi=109; xm=8.73; time=2.53
; v[maloa]: 0.00022
N(pars)=69
63
64)64)N(pars)=68
4
4)4)N(pars)=67
56
58)File saved: 30: xi=113; xm=7.14; time=2.48
58)58)N(pars)=66
64
68)File saved: 31: xi=113; xm=7.14; time=2.47
68)68)N(pars)=65
44
45)45)N(pars)=64
27
28)28)N(pars)=63
8
9)9)N(pars)=62
12
14)14)N(pars)=61
33
37)37)N(pars)=60
58
67)67)N(pars)=59
50
57)57)N(pars)=58
1
1)File saved: 32: xi=113; xm=7.13; time=2.46
1)1)N(pars)=57
30
35)35)N(pars)=56
38
46)46)N(pars)=55
18
22)22)N(pars)=54
46
59)59)N(pars)=53
23
29)29)N(pars)=52
25
32)32)N(pars)=51
16
20)20)N(pars)=50
8
11)11)N(pars)=49
45
63)63)N(pars)=48
34
48)48)N(pars)=47
44
65)65)N(pars)=46
44
66)66)N(pars)=45
36
51)51)N(pars)=44
12
17)17)N(pars)=43
0
0)0)N(pars)=42
12
19)19)N(pars)=41
8
13)13)N(pars)=40
2
5)5)N(pars)=39
3
7)7)N(pars)=38
8
18)18)N(pars)=37
23
42)42)N(pars)=36
9
23)23)N(pars)=35
21
41)41)N(pars)=34
9
24)24)N(pars)=33
28
56)56)N(pars)=32
3
8)8)File saved: 33: xi=113; xm=7.13; time=2.46
8)N(pars)=31
17
39)39)N(pars)=30
7
21)21)N(pars)=29
15
38)38)N(pars)=28
22
54)54)N(pars)=27
21
52)52)N(pars)=26
13
34)34)N(pars)=25
4
12)12)N(pars)=24
2
6)6)N(pars)=23
11
36)36)N(pars)=22
7
27)27)N(pars)=21
12
44)44)N(pars)=20
11
43)File saved: 34: xi=113; xm=7.13; time=2.46
43)43)N(pars)=19
2
10)10)N(pars)=18
9
40)40)N(pars)=17
9
47)47)N(pars)=16
8
33)File saved: 35: xi=112; xm=7.04; time=2.44
33)33)N(pars)=15
9
50)50)N(pars)=14
0
2)2)N(pars)=13
10
61)61)File saved: 36: xi=112; xm=7.03; time=2.44
61)N(pars)=12
3
25)25)N(pars)=11
0
3)3)N(pars)=10
8
62)62)N(pars)=9
7
60)File saved: 37: xi=112; xm=7.01; time=2.44
60)60)N(pars)=8
7
69)69)N(pars)=7
3
30)File saved: 38: xi=112; xm=7.01; time=2.44
30)30)N(pars)=6
0
15)15)N(pars)=5
1
26)26)N(pars)=4
1
31)31)N(pars)=3
0
16)16)N(pars)=2
1
55)55)N(pars)=1
0
49)49)N(pars)=9
4
43)43)N(pars)=8
7
30)30)N(pars)=7
4
33)33)N(pars)=6
3
8)8)N(pars)=5
3
61)61)N(pars)=4
3
60)60)N(pars)=3
2
1)1)N(pars)=2
0
58)58)N(pars)=1
0
68)68)File saved: 39: xi=110; xm=7.59; time=2.48
; v[asp_o]: 0.000318
N(pars)=69
24
24)24)N(pars)=68
59
61)61)N(pars)=67
63
66)66)N(pars)=66
53
55)55)N(pars)=65
36
37)37)N(pars)=64
25
26)26)N(pars)=63
5
5)5)N(pars)=62
60
68)68)N(pars)=61
6
7)7)N(pars)=60
23
27)27)N(pars)=59
44
50)50)N(pars)=58
32
38)38)N(pars)=57
45
54)54)N(pars)=56
42
49)49)N(pars)=55
51
64)64)N(pars)=54
24
29)29)N(pars)=53
3
3)3)N(pars)=52
16
19)19)File saved: 40: xi=112; xm=6.84; time=2.44
19)File saved: 41: xi=112; xm=6.64; time=2.42
19)N(pars)=51
17
21)21)File saved: 42: xi=112; xm=6.64; time=2.42
21)N(pars)=50
2
2)2)File saved: 43: xi=112; xm=6.63; time=2.41
2)N(pars)=49
38
52)52)N(pars)=48
41
59)59)N(pars)=47
28
40)40)N(pars)=46
5
9)9)N(pars)=45
43
67)67)N(pars)=44
16
23)23)N(pars)=43
11
16)16)N(pars)=42
8
13)13)N(pars)=41
31
48)48)N(pars)=40
5
10)10)N(pars)=39
34
60)60)N(pars)=38
9
17)17)N(pars)=37
35
65)65)N(pars)=36
23
42)42)N(pars)=35
0
0)0)N(pars)=34
33
69)69)N(pars)=33
6
14)14)N(pars)=32
15
33)33)N(pars)=31
19
41)41)N(pars)=30
15
34)34)N(pars)=29
15
35)35)N(pars)=28
25
58)58)N(pars)=27
3
8)8)N(pars)=26
9
25)25)N(pars)=25
12
32)32)N(pars)=24
7
20)20)N(pars)=23
3
11)11)N(pars)=22
11
39)39)N(pars)=21
16
51)51)N(pars)=20
14
46)46)N(pars)=19
9
31)31)N(pars)=18
4
15)15)N(pars)=17
10
44)44)N(pars)=16
1
4)4)N(pars)=15
7
36)36)N(pars)=14
0
1)1)N(pars)=13
6
43)43)N(pars)=12
9
57)57)N(pars)=11
8
56)56)N(pars)=10
7
47)47)N(pars)=9
8
63)63)N(pars)=8
6
45)45)N(pars)=7
1
12)12)N(pars)=6
2
22)22)N(pars)=5
1
18)18)N(pars)=4
2
30)30)N(pars)=3
1
28)28)N(pars)=2
0
6)6)N(pars)=1
0
62)62)N(pars)=4
1
19)19)N(pars)=3
1
21)21)N(pars)=2
1
2)2)N(pars)=1
0
19)19)File saved: 44: xi=112; xm=7.01; time=2.45
; v[malfum]: 0.038
N(pars)=69
7
7)7)N(pars)=68
21
22)22)File saved: 45: xi=111; xm=6.61; time=2.41
22)N(pars)=67
42
44)44)N(pars)=66
13
14)14)N(pars)=65
0
0)0)N(pars)=64
1
2)2)N(pars)=63
7
10)10)N(pars)=62
3
5)5)N(pars)=61
52
61)61)N(pars)=60
40
48)48)File saved: 46: xi=111; xm=6.61; time=2.41
48)N(pars)=59
36
43)43)N(pars)=58
4
8)8)File saved: 47: xi=111; xm=6.61; time=2.41
8)N(pars)=57
3
6)6)N(pars)=56
20
29)29)N(pars)=55
46
60)60)N(pars)=54
49
65)65)N(pars)=53
16
25)25)N(pars)=52
40
55)55)N(pars)=51
26
37)37)N(pars)=50
38
54)54)N(pars)=49
20
31)File saved: 48: xi=111; xm=6.6; time=2.41
31)31)N(pars)=48
20
32)32)N(pars)=47
44
67)67)N(pars)=46
8
16)16)N(pars)=45
8
17)17)N(pars)=44
39
63)63)N(pars)=43
39
64)64)N(pars)=42
34
56)56)N(pars)=41
8
18)18)N(pars)=40
10
21)21)N(pars)=39
1
3)3)N(pars)=38
13
28)28)N(pars)=37
6
15)15)N(pars)=36
5
13)13)N(pars)=35
22
46)46)N(pars)=34
2
9)9)N(pars)=33
28
59)59)N(pars)=32
6
23)23)N(pars)=31
10
33)33)N(pars)=30
27
66)66)N(pars)=29
8
27)27)N(pars)=28
18
47)47)N(pars)=27
21
52)File saved: 49: xi=111; xm=6.6; time=2.41
52)52)N(pars)=26
24
68)68)N(pars)=25
4
19)19)File saved: 50: xi=111; xm=6.4; time=2.4
19)N(pars)=24
0
1)File saved: 51: xi=111; xm=6.39; time=2.39
1)1)N(pars)=23
9
36)36)N(pars)=22
13
42)42)N(pars)=21
5
26)26)N(pars)=20
7
35)35)N(pars)=19
5
30)30)N(pars)=18
13
51)51)N(pars)=17
8
40)40)N(pars)=16
2
12)12)N(pars)=15
4
34)34)N(pars)=14
10
57)57)N(pars)=13
5
39)39)N(pars)=12
7
49)49)N(pars)=11
7
50)50)N(pars)=10
3
24)24)N(pars)=9
3
38)38)N(pars)=8
1
11)11)N(pars)=7
0
4)File saved: 52: xi=111; xm=6.39; time=2.39
4)4)N(pars)=6
2
45)45)N(pars)=5
1
41)41)N(pars)=4
3
69)69)N(pars)=3
1
58)58)N(pars)=2
0
20)20)N(pars)=1
0
62)62)N(pars)=8
6
1)File saved: 53: xi=111; xm=6.39; time=2.39
1)1)N(pars)=7
2
8)8)N(pars)=6
3
52)52)N(pars)=5
2
31)31)N(pars)=4
2
19)19)N(pars)=3
0
22)22)N(pars)=2
0
48)48)File saved: 54: xi=111; xm=6.38; time=2.39
48)N(pars)=1
0
4)4)File saved: 55: xi=112; xm=6.63; time=2.42
; v[oacd]: 5e-05
N(pars)=69
20
20)20)N(pars)=68
23
24)24)N(pars)=67
62
65)File saved: 56: xi=111; xm=6.38; time=2.42
65)65)N(pars)=66
34
36)36)N(pars)=65
56
60)File saved: 57: xi=111; xm=6.36; time=2.41
60)60)N(pars)=64
39
42)42)N(pars)=63
52
57)57)N(pars)=62
6
6)File saved: 58: xi=111; xm=6.36; time=2.4
6)6)N(pars)=61
58
67)67)N(pars)=60
42
47)47)N(pars)=59
54
63)63)N(pars)=58
55
66)66)N(pars)=57
0
0)0)N(pars)=56
44
51)51)N(pars)=55
33
38)38)N(pars)=54
36
43)43)N(pars)=53
18
21)21)N(pars)=52
26
31)File saved: 59: xi=111; xm=6.34; time=2.4
31)31)N(pars)=51
30
37)37)N(pars)=50
10
12)12)N(pars)=49
43
59)59)N(pars)=48
35
48)48)N(pars)=47
2
3)3)N(pars)=46
35
50)50)N(pars)=45
29
40)40)N(pars)=44
23
30)30)N(pars)=43
21
28)28)N(pars)=42
3
5)5)N(pars)=41
39
68)68)N(pars)=40
34
56)56)N(pars)=39
28
45)45)N(pars)=38
5
9)9)N(pars)=37
0
1)File saved: 60: xi=111; xm=6.34; time=2.4
1)1)N(pars)=36
32
61)61)N(pars)=35
15
25)25)N(pars)=34
28
54)54)N(pars)=33
6
13)13)N(pars)=32
18
33)33)N(pars)=31
17
32)32)File saved: 61: xi=111; xm=6.33; time=2.4
32)N(pars)=30
9
17)17)N(pars)=29
27
64)64)N(pars)=28
2
7)7)N(pars)=27
18
41)41)N(pars)=26
22
55)55)N(pars)=25
21
52)52)N(pars)=24
13
27)27)N(pars)=23
6
15)15)N(pars)=22
8
19)19)N(pars)=21
6
16)16)N(pars)=20
19
69)69)N(pars)=19
17
58)58)N(pars)=18
2
8)8)N(pars)=17
9
29)29)N(pars)=16
6
22)22)N(pars)=15
12
46)46)N(pars)=14
13
62)62)N(pars)=13
12
49)49)N(pars)=12
11
44)44)N(pars)=11
10
39)39)N(pars)=10
7
26)26)N(pars)=9
5
18)18)N(pars)=8
3
11)11)N(pars)=7
3
14)14)N(pars)=6
2
10)10)N(pars)=5
1
4)4)N(pars)=4
0
2)2)N(pars)=3
0
23)23)N(pars)=2
0
34)34)N(pars)=1
0
35)35)N(pars)=6
4
1)1)N(pars)=5
2
6)6)N(pars)=4
2
31)31)N(pars)=3
2
32)32)N(pars)=2
0
65)65)N(pars)=1
0
60)60)File saved: 62: xi=111; xm=6.38; time=2.42
; v[pc]: 0.00081
N(pars)=69
43
43)43)N(pars)=68
40
40)40)N(pars)=67
5
5)5)N(pars)=66
2
2)2)N(pars)=65
62
67)67)N(pars)=64
25
27)27)N(pars)=63
55
61)61)N(pars)=62
43
48)48)N(pars)=61
50
57)57)N(pars)=60
42
47)47)N(pars)=59
39
44)44)N(pars)=58
51
62)62)N(pars)=57
18
20)20)N(pars)=56
5
7)7)N(pars)=55
5
8)8)N(pars)=54
12
16)16)N(pars)=53
3
4)4)N(pars)=52
15
22)22)N(pars)=51
38
52)52)N(pars)=50
33
45)45)N(pars)=49
39
56)56)N(pars)=48
33
46)46)N(pars)=47
30
39)39)N(pars)=46
45
69)69)N(pars)=45
32
49)49)N(pars)=44
25
34)34)N(pars)=43
34
55)55)N(pars)=42
20
29)29)N(pars)=41
29
42)42)N(pars)=40
6
11)11)N(pars)=39
19
30)30)N(pars)=38
14
23)23)N(pars)=37
17
28)28)N(pars)=36
31
63)63)N(pars)=35
16
26)26)N(pars)=34
20
36)36)File saved: 63: xi=108; xm=4.61; time=2.58
36)N(pars)=33
31
66)66)N(pars)=32
9
15)15)N(pars)=31
25
58)58)N(pars)=30
2
3)3)N(pars)=29
3
9)9)N(pars)=28
4
12)File saved: 64: xi=110; xm=4.56; time=2.49
12)12)N(pars)=27
24
64)64)N(pars)=26
10
24)24)N(pars)=25
18
50)50)N(pars)=24
2
6)6)N(pars)=23
19
59)59)N(pars)=22
14
37)37)N(pars)=21
5
17)17)N(pars)=20
11
33)File saved: 65: xi=112; xm=4.4; time=2.44
33)33)N(pars)=19
16
60)File saved: 66: xi=112; xm=4.38; time=2.44
60)File saved: 67: xi=111; xm=4.36; time=2.44
60)File saved: 68: xi=111; xm=4.34; time=2.44
60)File saved: 69: xi=111; xm=4.32; time=2.44
60)File saved: 70: xi=111; xm=4.3; time=2.44
60)File saved: 71: xi=111; xm=4.27; time=2.44
60)60)N(pars)=18
4
14)14)N(pars)=17
8
31)File saved: 72: xi=111; xm=4.26; time=2.44
31)File saved: 73: xi=111; xm=4.25; time=2.43
31)31)N(pars)=16
11
41)41)N(pars)=15
12
54)54)N(pars)=14
4
18)File saved: 74: xi=112; xm=3.53; time=2.39
18)18)N(pars)=13
9
38)38)File saved: 75: xi=112; xm=3.53; time=2.39
38)N(pars)=12
5
21)21)N(pars)=11
5
25)25)N(pars)=10
8
65)65)N(pars)=9
4
19)19)N(pars)=8
3
13)13)N(pars)=7
4
35)35)N(pars)=6
3
32)32)N(pars)=5
3
51)51)N(pars)=4
0
0)0)N(pars)=3
0
1)1)N(pars)=2
1
68)68)N(pars)=1
0
10)10)N(pars)=13
7
60)60)N(pars)=12
3
60)60)N(pars)=11
7
31)31)N(pars)=10
3
60)60)N(pars)=9
4
60)60)N(pars)=8
5
31)31)N(pars)=7
4
60)60)N(pars)=6
4
18)18)N(pars)=5
1
12)12)N(pars)=4
1
33)33)N(pars)=3
0
36)36)N(pars)=2
1
38)38)N(pars)=1
0
60)60)File saved: 76: xi=111; xm=6.33; time=2.41
; v[akgcit1]: 0.00104
N(pars)=69
38
38)38)N(pars)=68
46
47)47)N(pars)=67
63
66)66)N(pars)=66
1
1)1)N(pars)=65
51
55)55)N(pars)=64
24
25)File saved: 77: xi=112; xm=3.52; time=2.38
25)25)N(pars)=63
9
10)10)N(pars)=62
3
4)4)N(pars)=61
44
50)50)N(pars)=60
55
64)64)N(pars)=59
42
48)48)N(pars)=58
3
5)5)N(pars)=57
54
67)67)N(pars)=56
10
14)14)N(pars)=55
38
45)45)N(pars)=54
52
68)68)N(pars)=53
31
37)37)N(pars)=52
18
23)23)N(pars)=51
29
36)36)N(pars)=50
27
34)34)N(pars)=49
38
54)54)N(pars)=48
21
28)28)N(pars)=47
39
58)58)N(pars)=46
7
11)11)N(pars)=45
2
3)3)N(pars)=44
10
17)17)N(pars)=43
6
12)12)N(pars)=42
25
41)41)N(pars)=41
6
13)13)N(pars)=40
34
60)60)N(pars)=39
25
43)43)N(pars)=38
31
57)57)N(pars)=37
19
32)32)N(pars)=36
32
62)62)N(pars)=35
31
61)61)N(pars)=34
29
56)56)N(pars)=33
4
8)8)N(pars)=32
14
27)27)N(pars)=31
7
18)18)N(pars)=30
24
51)51)N(pars)=29
14
30)30)N(pars)=28
11
24)24)N(pars)=27
12
29)29)N(pars)=26
12
31)31)N(pars)=25
13
35)35)N(pars)=24
10
22)22)N(pars)=23
10
26)26)N(pars)=22
14
44)44)N(pars)=21
16
52)52)N(pars)=20
7
19)19)N(pars)=19
9
33)33)N(pars)=18
3
7)7)N(pars)=17
9
40)40)N(pars)=16
5
16)16)N(pars)=15
12
63)63)N(pars)=14
0
0)0)N(pars)=13
12
69)69)N(pars)=12
0
2)2)N(pars)=11
6
Nn=944
cell=A549
1=ntr 12=ifn
C13]-Glucose","1,
C13]-Glutamine","
324 strok
titles - data: 17 - 17
Tracer=[3-C13]-Glutamine; Isotopomer=4; Carbons=5; Labels=1; Fraction=1
labmet=[3-C13]-Glutamine
tex=0 1.44e+03 
28.2 71.6 0.256 -1.31 1.22 Aspartate_mean time=1.44e+03
0.297 0.382 0.0474 0.0161 0.0852 Aspartate_sd

53.9 43.9 2.16 -1.27 1.35 0.0938 -0.0851 Citrate_mean time=1.44e+03
1.64 1.43 0.194 0.102 0.0713 0.0236 0.00685 Citrate_sd

32.4 63.6 2.98 0.79 Glutamate2-4_mean time=1.44e+03
0.465 0.432 0.0281 0.448 Glutamate2-4_sd

24.3 74.6 0.479 0.782 -0.124 Glutamate2-5_mean time=1.44e+03
0.522 0.5 0.177 0.0107 0.00172 Glutamate2-5_sd

30.2 70.3 -0.223 -1.55 1.24 Malate_mean time=1.44e+03
0.144 0.323 0.155 0.0636 0.0573 Malate_sd

 13C%: [3-C13]-Glutamine, fraction: 1
Glutamin m0=0 t=0
tracer=Glutamin
Asp m0=0.282 t=1.44e+03
Cit m0=0.539 t=1.44e+03
Glutamate2-4 no metabolite match?!?!?!
Glutamate2-5 m0=0.243 t=1.44e+03
Mal m0=0.302 t=1.44e+03
ngl:8.64; nlac:0.807; nglu:0.101; ngln:2.92; nrna:0.25; nglycog:3; npro:0.0001; nasp:0.005; nala:0.4; nser:0.4; nagl:1; npyrm:0.00333; ncoa:2.87; ncoac:0.007; ngly:0.4; noa:0.000477; noac:0.000287; ncit:0.117; nakg:0.0193; nfum:0.0861; nmal:0.233; nfbp:0.105; nt3:0.0804; npep:0.00425; npyr:0.0845; ncthf:0.5; ncitc:0.0308; nakgc:0.0104; ne4:0.00543; nh6:0.00797; ns7:0.0618; np5:4.94e-05; atp:0.609; nad:0.988; 
Warning: empty y range [0.0001:0.0001], adjusting to [9.9e-05:0.000101]
Warning: empty y range [0.4:0.4], adjusting to [0.396:0.404]
Warning: empty y range [0.4:0.4], adjusting to [0.396:0.404]
Warning: empty y range [2.915:2.915], adjusting to [2.88585:2.94415]
Warning: empty y range [0.005:0.005], adjusting to [0.00495:0.00505]
Warning: empty y range [3:3], adjusting to [2.97:3.03]
ngl:8.64; nlac:0.807; nglu:0.101; ngln:2.92; nrna:0.25; nglycog:3; npro:0.0001; nasp:0.005; nala:0.4; nser:0.4; nagl:1; npyrm:0.0233; ncoa:0.0621; ncoac:0.007; ngly:0.4; noa:0.174; noac:0.00712; ncit:0.7; nakg:0.2; nfum:0.419; nmal:0.2; nfbp:1.42; nt3:0.207; npep:0.0331; npyr:0.13; ncthf:0.5; ncitc:0.0566; nakgc:0.0119; ne4:0.0271; nh6:0.101; ns7:0.042; np5:0.000722; atp:0.52; nad:0.889; 
 Σxi²=107
        **Metab   *   init    Final :    exper -> xi²

         Asp_m0:         1    0.304 :   0.282 -> 5.05
         Cit_m0:         1    0.474 :   0.539 -> 15.7
Glutamate2-5_m0:         1     0.24 :   0.243 -> 0.076
         Mal_m0:         1    0.277 :   0.302 -> 6.16

        Gluc_c:      8.64     4.97**    5.28 -> 0.353
    Glutamin_c:      2.92      2.6**    2.17 -> 4.01
         Lac_c:     0.807     9.16**    7.85 -> 2.8
Glutamate2-5_c:     0.101   0.0729**     0.5 -> 73
File saved: 250002: xi=107; xm=8.77; time=3.72
99
0 1 2 3 4 5 6 7 8 9 10 11 12 13 14 15 16 17 18 19 20 21 22 23 24 25 26 27 28 29 30 31 32 33 34 35 36 37 38 39 40 41 42 43 44 45 46 47 48 49 50 51 52 54 55 56 57 58 59 60 61 62 63 64 65 66 67 68 69 
; v[ta]: 0.000226
N(pars)=69
46
46)File saved: 12: xi=106; xm=8.75; time=3.55
46)File saved: 13: xi=105; xm=8.73; time=3.4
46)File saved: 14: xi=105; xm=8.71; time=3.25
46)File saved: 15: xi=106; xm=8.7; time=3.12
46)File saved: 16: xi=108; xm=8.68; time=2.99
46)File saved: 17: xi=111; xm=8.67; time=2.83
46)File saved: 18: xi=115; xm=8.66; time=2.64
46)46)N(pars)=68
49
50)50)N(pars)=67
33
33)File saved: 19: xi=110; xm=8.61; time=2.56
33)33)N(pars)=66
63
67)67)N(pars)=65
33
34)34)N(pars)=64
26
26)26)N(pars)=63
18
18)18)N(pars)=62
43
48)48)N(pars)=61
17
17)17)N(pars)=60
19
21)21)N(pars)=59
46
56)56)N(pars)=58
24
28)28)N(pars)=57
7
7)7)N(pars)=56
3
3)3)N(pars)=55
51
65)File saved: 20: xi=110; xm=8.6; time=2.56
65)65)N(pars)=54
40
52)52)N(pars)=53
19
24)24)N(pars)=52
4
5)5)N(pars)=51
33
44)44)N(pars)=50
21
30)30)N(pars)=49
26
38)38)N(pars)=48
30
43)43)N(pars)=47
44
66)66)N(pars)=46
29
42)42)N(pars)=45
21
31)31)N(pars)=44
12
15)15)N(pars)=43
10
13)13)N(pars)=42
29
51)51)N(pars)=41
8
11)11)N(pars)=40
18
32)32)N(pars)=39
38
69)69)File saved: 21: xi=110; xm=8.6; time=2.55
69)N(pars)=38
3
4)4)N(pars)=37
24
47)47)N(pars)=36
10
19)19)File saved: 22: xi=110; xm=8.4; time=2.54
19)File saved: 23: xi=111; xm=8.2; time=2.53
19)N(pars)=35
9
16)16)N(pars)=34
12
25)File saved: 24: xi=111; xm=8.2; time=2.52
25)25)N(pars)=33
23
55)55)N(pars)=32
6
10)10)N(pars)=31
7
14)14)N(pars)=30
8
22)22)N(pars)=29
27
64)64)N(pars)=28
19
54)54)N(pars)=27
15
40)40)N(pars)=26
22
61)61)N(pars)=25
5
9)9)N(pars)=24
10
35)35)N(pars)=23
6
20)20)N(pars)=22
3
6)6)N(pars)=21
3
8)8)N(pars)=20
11
45)45)N(pars)=19
13
58)58)N(pars)=18
12
57)57)N(pars)=17
15
63)63)N(pars)=16
10
41)41)N(pars)=15
9
39)39)N(pars)=14
6
29)29)N(pars)=13
8
49)49)N(pars)=12
10
62)62)N(pars)=11
9
60)60)N(pars)=10
9
68)68)N(pars)=9
6
36)36)N(pars)=8
1
1)1)N(pars)=7
0
0)0)N(pars)=6
2
23)23)N(pars)=5
2
27)27)N(pars)=4
1
12)12)N(pars)=3
1
37)37)N(pars)=2
0
2)2)File saved: 25: xi=111; xm=8.19; time=2.52
2)N(pars)=1
0
59)59)N(pars)=14
1
46)46)N(pars)=13
11
25)25)N(pars)=12
1
46)46)N(pars)=11
3
46)46)N(pars)=10
4
33)File saved: 26: xi=112; xm=8.13; time=2.47
33)33)N(pars)=9
8
2)2)N(pars)=8
6
19)19)File saved: 27: xi=111; xm=7.92; time=2.48
19)N(pars)=7
3
46)46)N(pars)=6
0
46)46)N(pars)=5
1
46)46)N(pars)=4
0
46)46)N(pars)=3
2
19)19)N(pars)=2
0
65)65)N(pars)=1
0
69)69)File saved: 28: xi=107; xm=8.77; time=3.73
; v[citakg1]: 0.84
N(pars)=69
3
3)3)N(pars)=68
57
59)59)N(pars)=67
60
63)63)N(pars)=66
35
36)36)N(pars)=65
22
23)File saved: 29: xi=111; xm=7.89; time=2.49
23)23)N(pars)=64
54
58)File saved: 30: xi=111; xm=7.89; time=2.49
58)File saved: 31: xi=111; xm=7.89; time=2.47
58)58)N(pars)=63
34
37)37)N(pars)=62
9
10)10)File saved: 32: xi=110; xm=7.33; time=2.46
10)N(pars)=61
15
17)17)File saved: 33: xi=110; xm=7.32; time=2.45
17)N(pars)=60
59
69)69)N(pars)=59
55
65)65)N(pars)=58
1
1)1)N(pars)=57
46
54)54)N(pars)=56
20
25)25)N(pars)=55
14
18)18)N(pars)=54
29
38)38)N(pars)=53
10
13)13)N(pars)=52
1
2)2)N(pars)=51
32
44)44)N(pars)=50
21
30)30)N(pars)=49
34
48)48)N(pars)=48
1
4)File saved: 34: xi=110; xm=7.32; time=2.45
4)4)N(pars)=47
45
67)67)N(pars)=46
25
39)39)N(pars)=45
10
16)16)N(pars)=44
42
66)66)N(pars)=43
19
31)31)N(pars)=42
25
42)42)N(pars)=41
6
11)11)N(pars)=40
13
24)24)N(pars)=39
24
45)45)N(pars)=38
31
56)56)N(pars)=37
32
60)60)N(pars)=36
32
61)61)N(pars)=35
26
49)49)N(pars)=34
22
41)41)N(pars)=33
10
20)20)N(pars)=32
13
27)27)N(pars)=31
24
51)51)N(pars)=30
14
29)29)N(pars)=29
9
19)19)N(pars)=28
1
5)5)N(pars)=27
4
9)9)N(pars)=26
22
57)57)N(pars)=25
17
46)46)N(pars)=24
4
12)12)N(pars)=23
16
47)47)N(pars)=22
5
15)15)N(pars)=21
11
34)34)N(pars)=20
5
21)21)N(pars)=19
18
68)68)N(pars)=18
2
7)7)N(pars)=17
9
35)35)N(pars)=16
12
52)52)N(pars)=15
7
32)32)N(pars)=14
3
14)14)N(pars)=13
4
26)26)N(pars)=12
8
50)50)File saved: 35: xi=110; xm=7.32; time=2.44
50)N(pars)=11
0
0)0)N(pars)=10
1
8)8)N(pars)=9
2
28)28)N(pars)=8
0
6)6)N(pars)=7
0
22)22)N(pars)=6
0
33)33)N(pars)=5
2
55)55)N(pars)=4
1
43)43)N(pars)=3
1
62)62)N(pars)=2
1
64)64)N(pars)=1
0
40)40)N(pars)=7
0
23)23)N(pars)=6
0
58)58)N(pars)=5
4
50)50)N(pars)=4
3
4)4)N(pars)=3
1
10)10)N(pars)=2
0
58)58)N(pars)=1
0
17)17)File saved: 36: xi=111; xm=7.92; time=2.5
; v[ppp]: 8.52e-05
N(pars)=69
24
24)24)N(pars)=68
11
11)11)N(pars)=67
30
32)32)N(pars)=66
19
20)20)N(pars)=65
51
56)56)N(pars)=64
48
52)52)N(pars)=63
49
55)55)N(pars)=62
32
36)36)N(pars)=61
44
49)49)N(pars)=60
12
13)13)N(pars)=59
51
62)62)N(pars)=58
38
44)44)N(pars)=57
2
2)2)N(pars)=56
14
17)17)N(pars)=55
15
19)19)N(pars)=54
47
63)63)N(pars)=53
16
22)22)N(pars)=52
51
69)69)N(pars)=51
1
1)1)N(pars)=50
12
16)16)N(pars)=49
38
54)54)N(pars)=48
35
48)48)N(pars)=47
33
46)46)N(pars)=46
34
50)50)N(pars)=45
20
30)30)N(pars)=44
18
28)28)N(pars)=43
21
34)34)N(pars)=42
35
60)60)N(pars)=41
14
23)23)N(pars)=40
7
9)9)N(pars)=39
9
14)14)N(pars)=38
16
31)31)N(pars)=37
13
26)26)N(pars)=36
22
42)42)N(pars)=35
14
29)29)N(pars)=34
1
3)3)N(pars)=33
29
65)65)N(pars)=32
2
5)5)N(pars)=31
6
12)12)N(pars)=30
12
35)35)N(pars)=29
7
18)18)N(pars)=28
26
67)67)N(pars)=27
6
15)15)N(pars)=26
8
27)27)N(pars)=25
15
45)45)N(pars)=24
17
57)57)N(pars)=23
11
39)39)N(pars)=22
21
68)68)N(pars)=21
14
47)47)N(pars)=20
2
6)6)N(pars)=19
14
58)58)N(pars)=18
13
51)51)N(pars)=17
9
38)38)N(pars)=16
14
64)64)N(pars)=15
0
0)0)N(pars)=14
1
7)7)N(pars)=13
6
37)37)N(pars)=12
10
61)61)N(pars)=11
8
43)43)N(pars)=10
5
33)33)N(pars)=9
3
21)21)N(pars)=8
1
8)8)N(pars)=7
4
41)41)N(pars)=6
0
4)4)N(pars)=5
3
59)59)N(pars)=4
1
25)25)N(pars)=3
0
10)10)N(pars)=2
0
40)40)N(pars)=1
0
66)66)File saved: 37: xi=110; xm=7.32; time=2.46
; v[pk]: 0.066
N(pars)=69
28
28)28)N(pars)=68
49
50)File saved: 38: xi=110; xm=7.32; time=2.46
50)50)File saved: 39: xi=110; xm=7.32; time=2.45
50)N(pars)=67
8
8)8)N(pars)=66
35
37)37)N(pars)=65
52
57)57)N(pars)=64
49
54)54)N(pars)=63
46
49)49)N(pars)=62
49
56)56)N(pars)=61
5
5)5)N(pars)=60
33
36)36)N(pars)=59
44
51)51)N(pars)=58
17
19)19)N(pars)=57
36
42)42)N(pars)=56
30
34)34)N(pars)=55
53
68)68)N(pars)=54
11
13)13)N(pars)=53
36
45)45)File saved: 40: xi=110; xm=7.31; time=2.45
45)N(pars)=52
30
38)38)N(pars)=51
43
61)61)N(pars)=50
29
35)35)N(pars)=49
37
52)52)N(pars)=48
6
7)7)N(pars)=47
5
6)6)N(pars)=46
26
33)33)N(pars)=45
35
58)58)N(pars)=44
32
47)47)N(pars)=43
42
69)69)N(pars)=42
34
59)59)N(pars)=41
37
64)64)N(pars)=40
27
40)40)N(pars)=39
22
29)29)N(pars)=38
36
66)66)N(pars)=37
32
60)60)N(pars)=36
6
10)10)N(pars)=35
2
2)2)N(pars)=34
16
24)24)N(pars)=33
4
9)9)N(pars)=32
22
41)41)N(pars)=31
3
4)4)N(pars)=30
24
48)48)N(pars)=29
19
32)32)N(pars)=28
23
55)55)N(pars)=27
0
0)0)N(pars)=26
1
3)3)N(pars)=25
5
16)16)N(pars)=24
0
1)1)N(pars)=23
18
46)46)N(pars)=22
2
14)14)N(pars)=21
10
26)26)N(pars)=20
16
62)62)N(pars)=19
1
12)12)N(pars)=18
6
22)22)N(pars)=17
8
27)27)N(pars)=16
8
30)30)N(pars)=15
1
15)15)N(pars)=14
5
23)23)N(pars)=13
4
21)21)N(pars)=12
11
67)67)N(pars)=11
6
39)39)N(pars)=10
2
18)18)N(pars)=9
3
25)25)N(pars)=8
3
31)31)N(pars)=7
3
43)43)N(pars)=6
2
20)20)N(pars)=5
4
65)65)N(pars)=4
1
17)17)N(pars)=3
0
11)11)N(pars)=2
0
44)44)N(pars)=1
0
63)63)N(pars)=3
0
50)50)N(pars)=2
0
50)50)N(pars)=1
0
45)45)File saved: 41: xi=110; xm=7.32; time=2.48
; v[pept3]: 8.47e-08
N(pars)=69
57
58)File saved: 42: xi=110; xm=7.31; time=2.46
58)58)N(pars)=68
27
27)27)N(pars)=67
53
55)File saved: 43: xi=110; xm=7.31; time=2.45
55)55)N(pars)=66
46
47)47)N(pars)=65
46
48)48)N(pars)=64
41
42)42)N(pars)=63
47
51)51)N(pars)=62
23
23)File saved: 44: xi=110; xm=7.31; time=2.45
23)23)N(pars)=61
12
12)12)N(pars)=60
7
7)7)N(pars)=59
30
34)34)N(pars)=58
5
5)5)N(pars)=57
12
15)15)N(pars)=56
47
61)61)N(pars)=55
27
33)33)N(pars)=54
15
19)19)N(pars)=53
19
25)25)N(pars)=52
24
32)32)N(pars)=51
45
64)64)N(pars)=50
1
1)1)N(pars)=49
22
31)31)N(pars)=48
17
24)24)N(pars)=47
18
28)28)N(pars)=46
17
26)26)File saved: 45: xi=110; xm=7.31; time=2.45
26)N(pars)=45
42
67)67)N(pars)=44
0
0)0)N(pars)=43
42
69)69)N(pars)=42
23
40)40)N(pars)=41
5
9)9)N(pars)=40
28
50)50)File saved: 46: xi=110; xm=7.31; time=2.44
50)N(pars)=39
32
59)59)N(pars)=38
23
43)43)N(pars)=37
25
46)46)N(pars)=36
4
8)8)N(pars)=35
17
36)36)N(pars)=34
6
13)13)N(pars)=33
17
38)38)N(pars)=32
27
62)62)N(pars)=31
24
56)56)N(pars)=30
21
49)49)N(pars)=29
6
14)14)N(pars)=28
27
68)68)N(pars)=27
25
65)65)N(pars)=26
16
39)39)N(pars)=25
1
3)3)N(pars)=24
12
30)30)N(pars)=23
3
10)10)N(pars)=22
2
6)6)N(pars)=21
3
16)16)N(pars)=20
4
18)18)N(pars)=19
0
2)2)N(pars)=18
4
21)21)N(pars)=17
13
57)57)N(pars)=16
13
60)60)N(pars)=15
7
37)37)N(pars)=14
10
52)52)N(pars)=13
3
20)20)N(pars)=12
11
66)66)N(pars)=11
6
41)41)N(pars)=10
2
17)17)N(pars)=9
5
44)44)N(pars)=8
6
54)54)N(pars)=7
6
63)63)N(pars)=6
3
29)29)N(pars)=5
0
4)4)N(pars)=4
0
11)11)N(pars)=3
1
35)35)N(pars)=2
1
45)45)N(pars)=1
0
22)22)N(pars)=5
1
55)55)N(pars)=4
2
26)26)N(pars)=3
0
58)58)N(pars)=2
1
50)50)N(pars)=1
0
23)23)File saved: 47: xi=110; xm=7.31; time=2.48
; v[ala_pr]: 0
N(pars)=69
4
4)4)N(pars)=68
51
52)52)N(pars)=67
11
12)12)N(pars)=66
45
47)47)N(pars)=65
49
54)54)N(pars)=64
17
19)19)N(pars)=63
13
15)15)N(pars)=62
54
62)62)N(pars)=61
49
57)57)N(pars)=60
27
31)File saved: 48: xi=110; xm=7.3; time=2.46
31)31)N(pars)=59
1
1)1)N(pars)=58
23
28)28)N(pars)=57
18
23)23)N(pars)=56
27
35)35)N(pars)=55
20
26)26)N(pars)=54
15
20)20)N(pars)=53
0
0)0)N(pars)=52
49
67)67)N(pars)=51
13
18)18)N(pars)=50
43
61)61)N(pars)=49
17
27)27)N(pars)=48
27
41)41)N(pars)=47
26
40)40)N(pars)=46
1
3)3)N(pars)=45
38
60)File saved: 49: xi=110; xm=7.28; time=2.46
60)60)N(pars)=44
0
2)2)File saved: 50: xi=110; xm=7.27; time=2.45
2)N(pars)=43
22
38)38)N(pars)=42
29
49)49)N(pars)=41
21
37)37)N(pars)=40
2
7)7)N(pars)=39
32
59)59)N(pars)=38
10
21)21)N(pars)=37
13
29)29)N(pars)=36
17
36)36)N(pars)=35
30
64)64)N(pars)=34
22
46)46)N(pars)=33
15
33)33)N(pars)=32
19
44)44)N(pars)=31
6
13)13)N(pars)=30
7
16)16)N(pars)=29
12
32)32)N(pars)=28
6
14)14)N(pars)=27
6
17)17)N(pars)=26
5
11)File saved: 51: xi=110; xm=7.27; time=2.44
11)11)N(pars)=25
4
10)10)N(pars)=24
15
51)51)N(pars)=23
9
39)39)N(pars)=22
17
63)63)N(pars)=21
16
58)58)N(pars)=20
6
25)25)N(pars)=19
3
9)9)N(pars)=18
5
30)30)N(pars)=17
3
22)22)N(pars)=16
7
45)45)N(pars)=15
9
55)55)N(pars)=14
8
50)50)N(pars)=13
4
34)34)N(pars)=12
6
48)48)N(pars)=11
9
68)68)N(pars)=10
9
69)69)N(pars)=9
5
43)43)N(pars)=8
6
65)65)N(pars)=7
5
56)56)N(pars)=6
1
6)6)N(pars)=5
0
5)5)N(pars)=4
3
66)66)N(pars)=3
1
24)24)N(pars)=2
1
42)42)N(pars)=1
0
8)8)N(pars)=4
0
31)31)N(pars)=3
1
2)2)N(pars)=2
1
11)11)N(pars)=1
0
60)60)File saved: 52: xi=110; xm=7.31; time=2.47
; v[coain]: 0.000138
N(pars)=69
12
12)12)N(pars)=68
63
65)65)File saved: 53: xi=114; xm=6.18; time=2.45
65)N(pars)=67
5
5)5)N(pars)=66
18
20)20)N(pars)=65
61
66)66)N(pars)=64
35
38)38)N(pars)=63
27
30)30)N(pars)=62
38
43)43)N(pars)=61
37
42)42)N(pars)=60
48
56)56)N(pars)=59
34
39)39)N(pars)=58
38
46)46)N(pars)=57
48
59)59)N(pars)=56
39
48)48)File saved: 54: xi=114; xm=6.18; time=2.45
48)N(pars)=55
21
24)24)N(pars)=54
7
8)8)File saved: 55: xi=114; xm=6.18; time=2.44
8)N(pars)=53
12
15)15)N(pars)=52
51
69)69)N(pars)=51
24
31)31)N(pars)=50
1
1)1)N(pars)=49
1
2)2)File saved: 56: xi=114; xm=6.18; time=2.44
2)N(pars)=48
21
29)29)N(pars)=47
22
33)33)N(pars)=46
28
44)44)N(pars)=45
39
61)61)N(pars)=44
13
19)19)N(pars)=43
20
32)32)N(pars)=42
17
26)26)N(pars)=41
4
7)7)N(pars)=40
25
47)47)N(pars)=39
19
35)35)N(pars)=38
31
58)58)N(pars)=37
10
17)17)N(pars)=36
26
52)52)N(pars)=35
19
37)37)N(pars)=34
14
25)25)N(pars)=33
28
62)62)N(pars)=32
15
28)28)N(pars)=31
23
54)54)N(pars)=30
3
6)6)N(pars)=29
13
27)27)N(pars)=28
3
9)9)N(pars)=27
24
64)64)N(pars)=26
18
50)50)N(pars)=25
7
16)16)N(pars)=24
21
63)63)N(pars)=23
13
40)40)N(pars)=22
20
67)67)N(pars)=21
8
21)21)N(pars)=20
17
57)57)N(pars)=19
1
3)3)N(pars)=18
1
4)4)N(pars)=17
8
34)34)N(pars)=16
13
55)55)N(pars)=15
7
23)23)N(pars)=14
10
49)49)N(pars)=13
7
36)36)N(pars)=12
10
60)60)N(pars)=11
5
18)18)N(pars)=10
0
0)0)N(pars)=9
8
68)68)N(pars)=8
5
41)41)N(pars)=7
4
22)22)N(pars)=6
1
11)11)N(pars)=5
4
51)51)N(pars)=4
1
13)13)N(pars)=3
1
14)14)N(pars)=2
0
10)10)N(pars)=1
0
45)45)N(pars)=4
1
48)48)N(pars)=3
0
65)65)N(pars)=2
0
8)8)N(pars)=1
0
2)2)File saved: 57: xi=110; xm=7.27; time=2.45
; v[gln_in]: 0.00301
N(pars)=69
52
52)File saved: 58: xi=135; xm=6; time=2.42
52)52)N(pars)=68
63
65)65)N(pars)=67
16
16)File saved: 59: xi=134; xm=5.72; time=2.43
16)File saved: 60: xi=133; xm=5.43; time=2.43
16)File saved: 61: xi=131; xm=5.14; time=2.43
16)16)N(pars)=66
50
51)51)N(pars)=65
32
33)33)N(pars)=64
38
40)40)N(pars)=63
15
15)15)N(pars)=62
52
59)59)N(pars)=61
1
1)File saved: 62: xi=131; xm=5.13; time=2.42
1)1)N(pars)=60
15
18)File saved: 63: xi=124; xm=4.31; time=2.43
18)File saved: 64: xi=121; xm=3.53; time=2.41
18)18)N(pars)=59
23
27)27)N(pars)=58
10
11)11)N(pars)=57
42
50)50)N(pars)=56
31
38)38)N(pars)=55
7
8)8)N(pars)=54
11
14)14)N(pars)=53
20
28)28)N(pars)=52
5
6)6)N(pars)=51
48
67)67)N(pars)=50
14
22)22)N(pars)=49
37
55)File saved: 65: xi=121; xm=3.53; time=2.41
55)55)N(pars)=48
46
68)68)N(pars)=47
3
4)4)N(pars)=46
7
12)12)N(pars)=45
26
42)42)N(pars)=44
40
63)63)N(pars)=43
27
44)44)N(pars)=42
39
64)64)N(pars)=41
16
29)29)N(pars)=40
28
47)47)N(pars)=39
16
30)30)N(pars)=38
37
69)69)N(pars)=37
4
7)7)N(pars)=36
3
5)5)N(pars)=35
33
62)62)N(pars)=34
1
2)2)N(pars)=33
29
58)58)N(pars)=32
22
45)45)N(pars)=31
21
43)43)N(pars)=30
10
24)24)N(pars)=29
23
54)54)N(pars)=28
10
25)File saved: 66: xi=121; xm=3.52; time=2.4
25)25)N(pars)=27
18
41)41)N(pars)=26
14
35)35)N(pars)=25
16
39)39)N(pars)=24
23
66)66)N(pars)=23
12
32)32)N(pars)=22
2
9)9)N(pars)=21
16
49)49)N(pars)=20
12
36)36)N(pars)=19
17
60)60)N(pars)=18
4
17)17)N(pars)=17
5
20)20)N(pars)=16
12
48)48)N(pars)=15
12
56)56)N(pars)=14
3
13)13)N(pars)=13
5
23)23)N(pars)=12
9
46)46)N(pars)=11
3
19)19)N(pars)=10
3
21)21)N(pars)=9
8
61)61)N(pars)=8
6
37)37)N(pars)=7
0
0)0)N(pars)=6
0
3)3)N(pars)=5
2
31)31)N(pars)=4
3
57)57)N(pars)=3
0
10)10)N(pars)=2
0
26)26)N(pars)=1
0
34)34)N(pars)=9
7
55)File saved: 67: xi=121; xm=3.52; time=2.4
55)55)N(pars)=8
6
18)18)N(pars)=7
3
16)16)N(pars)=6
3
1)1)N(pars)=5
4
25)25)N(pars)=4
3
18)18)N(pars)=3
0
52)52)N(pars)=2
0
16)16)N(pars)=1
0
16)16)File saved: 68: xi=114; xm=6.18; time=2.46
; v[akgcit1]: 0.00111
N(pars)=69
29
29)29)N(pars)=68
56
58)58)N(pars)=67
34
35)35)N(pars)=66
17
17)17)N(pars)=65
12
12)12)N(pars)=64
1
1)1)N(pars)=63
12
14)14)N(pars)=62
22
26)26)N(pars)=61
35
42)42)N(pars)=60
50
60)File saved: 69: xi=120; xm=3.52; time=2.4
60)60)N(pars)=59
5
6)6)N(pars)=58
16
21)21)N(pars)=57
32
41)41)N(pars)=56
4
5)5)N(pars)=55
19
27)27)N(pars)=54
14
20)20)N(pars)=53
9
